[1.402s] Invoking command in '/home/vicente/VSNT-CollisionAvoidance/src/build/asv_perception_classification': PYTHONPATH=/home/vicente/VSNT-CollisionAvoidance/src/build/asv_perception_classification/prefix_override:/home/vicente/VSNT-CollisionAvoidance/src/install/asv_perception_classification/lib/python3.10/site-packages:${PYTHONPATH} /usr/bin/python3 -W ignore:setup.py install is deprecated setup.py develop --uninstall --editable --build-directory /home/vicente/VSNT-CollisionAvoidance/src/build/asv_perception_classification/build
[1.808s] /usr/lib/python3/dist-packages/setuptools/command/easy_install.py:158: EasyInstallDeprecationWarning: easy_install command is deprecated. Use build and pip and other standards-based tools.
[1.808s]   warnings.warn(
[1.814s] running develop
[2.075s] Removing /home/vicente/VSNT-CollisionAvoidance/src/install/asv_perception_classification/lib/python3.10/site-packages/asv-perception-classification.egg-link (link to .)
[2.127s] Invoked command in '/home/vicente/VSNT-CollisionAvoidance/src/build/asv_perception_classification' returned '0': PYTHONPATH=/home/vicente/VSNT-CollisionAvoidance/src/build/asv_perception_classification/prefix_override:/home/vicente/VSNT-CollisionAvoidance/src/install/asv_perception_classification/lib/python3.10/site-packages:${PYTHONPATH} /usr/bin/python3 -W ignore:setup.py install is deprecated setup.py develop --uninstall --editable --build-directory /home/vicente/VSNT-CollisionAvoidance/src/build/asv_perception_classification/build
[2.131s] Invoking command in '/home/vicente/VSNT-CollisionAvoidance/src/asv_perception_classification': PYTHONPATH=/home/vicente/VSNT-CollisionAvoidance/src/build/asv_perception_classification/prefix_override:/home/vicente/VSNT-CollisionAvoidance/src/install/asv_perception_classification/lib/python3.10/site-packages:${PYTHONPATH} /usr/bin/python3 -W ignore:setup.py install is deprecated setup.py egg_info --egg-base ../build/asv_perception_classification build --build-base /home/vicente/VSNT-CollisionAvoidance/src/build/asv_perception_classification/build install --record /home/vicente/VSNT-CollisionAvoidance/src/build/asv_perception_classification/install.log --single-version-externally-managed install_data --force
[2.482s] running egg_info
[2.487s] writing ../build/asv_perception_classification/asv_perception_classification.egg-info/PKG-INFO
[2.500s] writing dependency_links to ../build/asv_perception_classification/asv_perception_classification.egg-info/dependency_links.txt
[2.501s] writing entry points to ../build/asv_perception_classification/asv_perception_classification.egg-info/entry_points.txt
[2.501s] writing requirements to ../build/asv_perception_classification/asv_perception_classification.egg-info/requires.txt
[2.502s] writing top-level names to ../build/asv_perception_classification/asv_perception_classification.egg-info/top_level.txt
[2.518s] reading manifest file '../build/asv_perception_classification/asv_perception_classification.egg-info/SOURCES.txt'
[2.519s] writing manifest file '../build/asv_perception_classification/asv_perception_classification.egg-info/SOURCES.txt'
[2.547s] running build
[2.556s] running build_py
[2.563s] copying asv_perception_classification/video_publisher.py -> /home/vicente/VSNT-CollisionAvoidance/src/build/asv_perception_classification/build/lib/asv_perception_classification
[2.563s] running install
[2.563s] running install_lib
[2.563s] creating /home/vicente/VSNT-CollisionAvoidance/src/install/asv_perception_classification/lib/python3.10/site-packages/asv_perception_classification
[2.563s] copying /home/vicente/VSNT-CollisionAvoidance/src/build/asv_perception_classification/build/lib/asv_perception_classification/yolo_subscriber.py -> /home/vicente/VSNT-CollisionAvoidance/src/install/asv_perception_classification/lib/python3.10/site-packages/asv_perception_classification
[2.563s] copying /home/vicente/VSNT-CollisionAvoidance/src/build/asv_perception_classification/build/lib/asv_perception_classification/video_publisher.py -> /home/vicente/VSNT-CollisionAvoidance/src/install/asv_perception_classification/lib/python3.10/site-packages/asv_perception_classification
[2.564s] copying /home/vicente/VSNT-CollisionAvoidance/src/build/asv_perception_classification/build/lib/asv_perception_classification/__init__.py -> /home/vicente/VSNT-CollisionAvoidance/src/install/asv_perception_classification/lib/python3.10/site-packages/asv_perception_classification
[2.564s] byte-compiling /home/vicente/VSNT-CollisionAvoidance/src/install/asv_perception_classification/lib/python3.10/site-packages/asv_perception_classification/yolo_subscriber.py to yolo_subscriber.cpython-310.pyc
[2.564s] byte-compiling /home/vicente/VSNT-CollisionAvoidance/src/install/asv_perception_classification/lib/python3.10/site-packages/asv_perception_classification/video_publisher.py to video_publisher.cpython-310.pyc
[2.564s] byte-compiling /home/vicente/VSNT-CollisionAvoidance/src/install/asv_perception_classification/lib/python3.10/site-packages/asv_perception_classification/__init__.py to __init__.cpython-310.pyc
[2.564s] running install_data
[2.564s] copying resource/asv_perception_classification -> /home/vicente/VSNT-CollisionAvoidance/src/install/asv_perception_classification/share/ament_index/resource_index/packages
[2.564s] copying package.xml -> /home/vicente/VSNT-CollisionAvoidance/src/install/asv_perception_classification/share/asv_perception_classification
[2.564s] running install_egg_info
[2.564s] Copying ../build/asv_perception_classification/asv_perception_classification.egg-info to /home/vicente/VSNT-CollisionAvoidance/src/install/asv_perception_classification/lib/python3.10/site-packages/asv_perception_classification-0.0.0-py3.10.egg-info
[2.570s] running install_scripts
[2.624s] Installing video_publisher script to /home/vicente/VSNT-CollisionAvoidance/src/install/asv_perception_classification/lib/asv_perception_classification
[2.625s] Installing yolo_subscriber script to /home/vicente/VSNT-CollisionAvoidance/src/install/asv_perception_classification/lib/asv_perception_classification
[2.627s] writing list of installed files to '/home/vicente/VSNT-CollisionAvoidance/src/build/asv_perception_classification/install.log'
[2.675s] Invoked command in '/home/vicente/VSNT-CollisionAvoidance/src/asv_perception_classification' returned '0': PYTHONPATH=/home/vicente/VSNT-CollisionAvoidance/src/build/asv_perception_classification/prefix_override:/home/vicente/VSNT-CollisionAvoidance/src/install/asv_perception_classification/lib/python3.10/site-packages:${PYTHONPATH} /usr/bin/python3 -W ignore:setup.py install is deprecated setup.py egg_info --egg-base ../build/asv_perception_classification build --build-base /home/vicente/VSNT-CollisionAvoidance/src/build/asv_perception_classification/build install --record /home/vicente/VSNT-CollisionAvoidance/src/build/asv_perception_classification/install.log --single-version-externally-managed install_data --force
