[1.956s] Invoking command in '/home/vicente/VSNT-CollisionAvoidance/src/asv_perception_classification': PYTHONPATH=/home/vicente/VSNT-CollisionAvoidance/build/asv_perception_classification/prefix_override:/home/vicente/VSNT-CollisionAvoidance/install/asv_perception_classification/lib/python3.10/site-packages:${PYTHONPATH} /usr/bin/python3 -W ignore:setup.py install is deprecated setup.py egg_info --egg-base ../../build/asv_perception_classification build --build-base /home/vicente/VSNT-CollisionAvoidance/build/asv_perception_classification/build install --record /home/vicente/VSNT-CollisionAvoidance/build/asv_perception_classification/install.log --single-version-externally-managed install_data
[2.375s] running egg_info
[2.385s] writing ../../build/asv_perception_classification/asv_perception_classification.egg-info/PKG-INFO
[2.389s] writing dependency_links to ../../build/asv_perception_classification/asv_perception_classification.egg-info/dependency_links.txt
[2.392s] writing entry points to ../../build/asv_perception_classification/asv_perception_classification.egg-info/entry_points.txt
[2.395s] writing requirements to ../../build/asv_perception_classification/asv_perception_classification.egg-info/requires.txt
[2.395s] writing top-level names to ../../build/asv_perception_classification/asv_perception_classification.egg-info/top_level.txt
[2.398s] reading manifest file '../../build/asv_perception_classification/asv_perception_classification.egg-info/SOURCES.txt'
[2.400s] writing manifest file '../../build/asv_perception_classification/asv_perception_classification.egg-info/SOURCES.txt'
[2.400s] running build
[2.400s] running build_py
[2.401s] copying asv_perception_classification/video_publisher.py -> /home/vicente/VSNT-CollisionAvoidance/build/asv_perception_classification/build/lib/asv_perception_classification
[2.401s] running install
[2.402s] running install_lib
[2.405s] copying /home/vicente/VSNT-CollisionAvoidance/build/asv_perception_classification/build/lib/asv_perception_classification/video_publisher.py -> /home/vicente/VSNT-CollisionAvoidance/install/asv_perception_classification/lib/python3.10/site-packages/asv_perception_classification
[2.405s] byte-compiling /home/vicente/VSNT-CollisionAvoidance/install/asv_perception_classification/lib/python3.10/site-packages/asv_perception_classification/video_publisher.py to video_publisher.cpython-310.pyc
[2.408s] running install_data
[2.408s] running install_egg_info
[2.411s] removing '/home/vicente/VSNT-CollisionAvoidance/install/asv_perception_classification/lib/python3.10/site-packages/asv_perception_classification-0.0.0-py3.10.egg-info' (and everything under it)
[2.412s] Copying ../../build/asv_perception_classification/asv_perception_classification.egg-info to /home/vicente/VSNT-CollisionAvoidance/install/asv_perception_classification/lib/python3.10/site-packages/asv_perception_classification-0.0.0-py3.10.egg-info
[2.412s] running install_scripts
[2.451s] Installing video_publisher script to /home/vicente/VSNT-CollisionAvoidance/install/asv_perception_classification/lib/asv_perception_classification
[2.453s] Installing yolo_subscriber script to /home/vicente/VSNT-CollisionAvoidance/install/asv_perception_classification/lib/asv_perception_classification
[2.455s] writing list of installed files to '/home/vicente/VSNT-CollisionAvoidance/build/asv_perception_classification/install.log'
[2.497s] Invoked command in '/home/vicente/VSNT-CollisionAvoidance/src/asv_perception_classification' returned '0': PYTHONPATH=/home/vicente/VSNT-CollisionAvoidance/build/asv_perception_classification/prefix_override:/home/vicente/VSNT-CollisionAvoidance/install/asv_perception_classification/lib/python3.10/site-packages:${PYTHONPATH} /usr/bin/python3 -W ignore:setup.py install is deprecated setup.py egg_info --egg-base ../../build/asv_perception_classification build --build-base /home/vicente/VSNT-CollisionAvoidance/build/asv_perception_classification/build install --record /home/vicente/VSNT-CollisionAvoidance/build/asv_perception_classification/install.log --single-version-externally-managed install_data
