[0.167s] DEBUG:colcon:Command line arguments: ['/usr/bin/colcon', 'build', '--packages-select', 'asv_perception_classification', '--symlink-install']
[0.167s] DEBUG:colcon:Parsed command line arguments: Namespace(log_base=None, log_level=None, verb_name='build', build_base='build', install_base='install', merge_install=False, symlink_install=True, test_result_base=None, continue_on_error=False, executor='parallel', parallel_workers=2, event_handlers=None, ignore_user_meta=False, metas=['./colcon.meta'], base_paths=['.'], packages_ignore=None, packages_ignore_regex=None, paths=None, packages_up_to=None, packages_up_to_regex=None, packages_above=None, packages_above_and_dependencies=None, packages_above_depth=None, packages_select_by_dep=None, packages_skip_by_dep=None, packages_skip_up_to=None, packages_select_build_failed=False, packages_skip_build_finished=False, packages_select_test_failures=False, packages_skip_test_passed=False, packages_select=['asv_perception_classification'], packages_skip=None, packages_select_regex=None, packages_skip_regex=None, packages_start=None, packages_end=None, allow_overriding=[], cmake_args=None, cmake_target=None, cmake_target_skip_unavailable=False, cmake_clean_cache=False, cmake_clean_first=False, cmake_force_configure=False, ament_cmake_args=None, catkin_cmake_args=None, catkin_skip_building_tests=False, verb_parser=<colcon_defaults.argument_parser.defaults.DefaultArgumentsDecorator object at 0x7d1d345341c0>, verb_extension=<colcon_core.verb.build.BuildVerb object at 0x7d1d346ffb80>, main=<bound method BuildVerb.main of <colcon_core.verb.build.BuildVerb object at 0x7d1d346ffb80>>)
[0.424s] Level 1:colcon.colcon_core.package_discovery:discover_packages(colcon_meta) check parameters
[0.434s] Level 1:colcon.colcon_core.package_discovery:discover_packages(recursive) check parameters
[0.434s] Level 1:colcon.colcon_core.package_discovery:discover_packages(ignore) check parameters
[0.434s] Level 1:colcon.colcon_core.package_discovery:discover_packages(path) check parameters
[0.434s] Level 1:colcon.colcon_core.package_discovery:discover_packages(colcon_meta) discover
[0.435s] Level 1:colcon.colcon_core.package_discovery:discover_packages(recursive) discover
[0.435s] INFO:colcon.colcon_core.package_discovery:Crawling recursively for packages in '/home/vicente/VSNT-CollisionAvoidance/src'
[0.435s] Level 1:colcon.colcon_core.package_identification:_identify(.) by extensions ['ignore', 'ignore_ament_install']
[0.435s] Level 1:colcon.colcon_core.package_identification:_identify(.) by extension 'ignore'
[0.435s] Level 1:colcon.colcon_core.package_identification:_identify(.) by extension 'ignore_ament_install'
[0.435s] Level 1:colcon.colcon_core.package_identification:_identify(.) by extensions ['colcon_pkg']
[0.435s] Level 1:colcon.colcon_core.package_identification:_identify(.) by extension 'colcon_pkg'
[0.436s] Level 1:colcon.colcon_core.package_identification:_identify(.) by extensions ['colcon_meta']
[0.436s] Level 1:colcon.colcon_core.package_identification:_identify(.) by extension 'colcon_meta'
[0.436s] Level 1:colcon.colcon_core.package_identification:_identify(.) by extensions ['ros']
[0.436s] Level 1:colcon.colcon_core.package_identification:_identify(.) by extension 'ros'
[0.459s] Level 1:colcon.colcon_core.package_identification:_identify(.) by extensions ['cmake', 'python']
[0.460s] Level 1:colcon.colcon_core.package_identification:_identify(.) by extension 'cmake'
[0.460s] Level 1:colcon.colcon_core.package_identification:_identify(.) by extension 'python'
[0.461s] Level 1:colcon.colcon_core.package_identification:_identify(.) by extensions ['python_setup_py']
[0.461s] Level 1:colcon.colcon_core.package_identification:_identify(.) by extension 'python_setup_py'
[0.461s] Level 1:colcon.colcon_core.package_identification:_identify(asv_perception_classification) by extensions ['ignore', 'ignore_ament_install']
[0.463s] Level 1:colcon.colcon_core.package_identification:_identify(asv_perception_classification) by extension 'ignore'
[0.463s] Level 1:colcon.colcon_core.package_identification:_identify(asv_perception_classification) by extension 'ignore_ament_install'
[0.463s] Level 1:colcon.colcon_core.package_identification:_identify(asv_perception_classification) by extensions ['colcon_pkg']
[0.464s] Level 1:colcon.colcon_core.package_identification:_identify(asv_perception_classification) by extension 'colcon_pkg'
[0.464s] Level 1:colcon.colcon_core.package_identification:_identify(asv_perception_classification) by extensions ['colcon_meta']
[0.464s] Level 1:colcon.colcon_core.package_identification:_identify(asv_perception_classification) by extension 'colcon_meta'
[0.464s] Level 1:colcon.colcon_core.package_identification:_identify(asv_perception_classification) by extensions ['ros']
[0.464s] Level 1:colcon.colcon_core.package_identification:_identify(asv_perception_classification) by extension 'ros'
[0.475s] DEBUG:colcon.colcon_core.package_identification:Package 'asv_perception_classification' with type 'ros.ament_python' and name 'asv_perception_classification'
[0.479s] Level 1:colcon.colcon_core.package_identification:_identify(build) by extensions ['ignore', 'ignore_ament_install']
[0.482s] Level 1:colcon.colcon_core.package_identification:_identify(build) by extension 'ignore'
[0.483s] Level 1:colcon.colcon_core.package_identification:_identify(build) ignored
[0.484s] Level 1:colcon.colcon_core.package_identification:_identify(install) by extensions ['ignore', 'ignore_ament_install']
[0.485s] Level 1:colcon.colcon_core.package_identification:_identify(install) by extension 'ignore'
[0.485s] Level 1:colcon.colcon_core.package_identification:_identify(install) ignored
[0.485s] Level 1:colcon.colcon_core.package_identification:_identify(log) by extensions ['ignore', 'ignore_ament_install']
[0.485s] Level 1:colcon.colcon_core.package_identification:_identify(log) by extension 'ignore'
[0.485s] Level 1:colcon.colcon_core.package_identification:_identify(log) ignored
[0.486s] Level 1:colcon.colcon_core.package_discovery:discover_packages(recursive) using defaults
[0.486s] Level 1:colcon.colcon_core.package_discovery:discover_packages(ignore) discover
[0.486s] Level 1:colcon.colcon_core.package_discovery:discover_packages(ignore) using defaults
[0.486s] Level 1:colcon.colcon_core.package_discovery:discover_packages(path) discover
[0.486s] Level 1:colcon.colcon_core.package_discovery:discover_packages(path) using defaults
[0.518s] Level 1:colcon.colcon_core.package_discovery:discover_packages(prefix_path) check parameters
[0.522s] Level 1:colcon.colcon_core.package_discovery:discover_packages(prefix_path) discover
[0.531s] DEBUG:colcon.colcon_installed_package_information.package_discovery:Found 1 installed packages in /home/vicente/VSNT-CollisionAvoidance/install
[0.535s] DEBUG:colcon.colcon_installed_package_information.package_discovery:Found 270 installed packages in /opt/ros/humble
[0.542s] Level 1:colcon.colcon_core.package_discovery:discover_packages(prefix_path) using defaults
[0.624s] Level 5:colcon.colcon_core.verb:set package 'asv_perception_classification' build argument 'cmake_args' from command line to 'None'
[0.643s] Level 5:colcon.colcon_core.verb:set package 'asv_perception_classification' build argument 'cmake_target' from command line to 'None'
[0.644s] Level 5:colcon.colcon_core.verb:set package 'asv_perception_classification' build argument 'cmake_target_skip_unavailable' from command line to 'False'
[0.644s] Level 5:colcon.colcon_core.verb:set package 'asv_perception_classification' build argument 'cmake_clean_cache' from command line to 'False'
[0.644s] Level 5:colcon.colcon_core.verb:set package 'asv_perception_classification' build argument 'cmake_clean_first' from command line to 'False'
[0.644s] Level 5:colcon.colcon_core.verb:set package 'asv_perception_classification' build argument 'cmake_force_configure' from command line to 'False'
[0.644s] Level 5:colcon.colcon_core.verb:set package 'asv_perception_classification' build argument 'ament_cmake_args' from command line to 'None'
[0.644s] Level 5:colcon.colcon_core.verb:set package 'asv_perception_classification' build argument 'catkin_cmake_args' from command line to 'None'
[0.644s] Level 5:colcon.colcon_core.verb:set package 'asv_perception_classification' build argument 'catkin_skip_building_tests' from command line to 'False'
[0.644s] DEBUG:colcon.colcon_core.verb:Building package 'asv_perception_classification' with the following arguments: {'ament_cmake_args': None, 'build_base': '/home/vicente/VSNT-CollisionAvoidance/src/build/asv_perception_classification', 'catkin_cmake_args': None, 'catkin_skip_building_tests': False, 'cmake_args': None, 'cmake_clean_cache': False, 'cmake_clean_first': False, 'cmake_force_configure': False, 'cmake_target': None, 'cmake_target_skip_unavailable': False, 'install_base': '/home/vicente/VSNT-CollisionAvoidance/src/install/asv_perception_classification', 'merge_install': False, 'path': '/home/vicente/VSNT-CollisionAvoidance/src/asv_perception_classification', 'symlink_install': True, 'test_result_base': None}
[0.645s] INFO:colcon.colcon_core.executor:Executing jobs using 'parallel' executor
[0.653s] DEBUG:colcon.colcon_parallel_executor.executor.parallel:run_until_complete
[0.653s] INFO:colcon.colcon_ros.task.ament_python.build:Building ROS package in '/home/vicente/VSNT-CollisionAvoidance/src/asv_perception_classification' with build type 'ament_python'
[0.654s] Level 1:colcon.colcon_core.shell:create_environment_hook('asv_perception_classification', 'ament_prefix_path')
[0.656s] INFO:colcon.colcon_core.plugin_system:Skipping extension 'colcon_core.shell.bat': Not used on non-Windows systems
[0.657s] INFO:colcon.colcon_core.shell:Creating environment hook '/home/vicente/VSNT-CollisionAvoidance/src/install/asv_perception_classification/share/asv_perception_classification/hook/ament_prefix_path.ps1'
[0.665s] INFO:colcon.colcon_core.shell:Creating environment descriptor '/home/vicente/VSNT-CollisionAvoidance/src/install/asv_perception_classification/share/asv_perception_classification/hook/ament_prefix_path.dsv'
[0.666s] INFO:colcon.colcon_core.shell:Creating environment hook '/home/vicente/VSNT-CollisionAvoidance/src/install/asv_perception_classification/share/asv_perception_classification/hook/ament_prefix_path.sh'
[0.687s] INFO:colcon.colcon_core.shell:Skip shell extension 'powershell' for command environment: Not usable outside of PowerShell
[0.687s] DEBUG:colcon.colcon_core.shell:Skip shell extension 'dsv' for command environment
[1.403s] INFO:colcon.colcon_core.task.python.build:Building Python package in '/home/vicente/VSNT-CollisionAvoidance/src/asv_perception_classification'
[1.405s] INFO:colcon.colcon_core.shell:Skip shell extension 'powershell' for command environment: Not usable outside of PowerShell
[1.405s] DEBUG:colcon.colcon_core.shell:Skip shell extension 'dsv' for command environment
[2.092s] DEBUG:colcon.colcon_core.task.python.build:While undoing a previous installation files outside the Python library path are being ignored: /home/vicente/VSNT-CollisionAvoidance/src/install/asv_perception_classification/share/ament_index/resource_index/packages/asv_perception_classification
[2.093s] DEBUG:colcon.colcon_core.task.python.build:While undoing a previous installation files outside the Python library path are being ignored: /home/vicente/VSNT-CollisionAvoidance/src/install/asv_perception_classification/share/asv_perception_classification/package.xml
[2.093s] DEBUG:colcon.colcon_core.task.python.build:While undoing a previous installation files outside the Python library path are being ignored: /home/vicente/VSNT-CollisionAvoidance/src/install/asv_perception_classification/lib/asv_perception_classification/video_publisher
[2.093s] DEBUG:colcon.colcon_core.task.python.build:While undoing a previous installation files outside the Python library path are being ignored: /home/vicente/VSNT-CollisionAvoidance/src/install/asv_perception_classification/lib/asv_perception_classification/yolo_subscriber
[2.100s] DEBUG:colcon.colcon_core.event_handler.log_command:Invoking command in '/home/vicente/VSNT-CollisionAvoidance/src/build/asv_perception_classification': PYTHONPATH=/home/vicente/VSNT-CollisionAvoidance/src/build/asv_perception_classification/prefix_override:/home/vicente/VSNT-CollisionAvoidance/src/install/asv_perception_classification/lib/python3.10/site-packages:${PYTHONPATH} /usr/bin/python3 -W ignore:setup.py install is deprecated setup.py develop --editable --build-directory /home/vicente/VSNT-CollisionAvoidance/src/build/asv_perception_classification/build --no-deps symlink_data --force
[2.959s] Level 1:colcon.colcon_core.shell:create_environment_hook('asv_perception_classification', 'pythonpath_develop')
[2.960s] INFO:colcon.colcon_core.shell:Creating environment hook '/home/vicente/VSNT-CollisionAvoidance/src/build/asv_perception_classification/share/asv_perception_classification/hook/pythonpath_develop.ps1'
[2.962s] INFO:colcon.colcon_core.shell:Creating environment descriptor '/home/vicente/VSNT-CollisionAvoidance/src/build/asv_perception_classification/share/asv_perception_classification/hook/pythonpath_develop.dsv'
[2.963s] DEBUG:colcon.colcon_core.event_handler.log_command:Invoked command in '/home/vicente/VSNT-CollisionAvoidance/src/build/asv_perception_classification' returned '0': PYTHONPATH=/home/vicente/VSNT-CollisionAvoidance/src/build/asv_perception_classification/prefix_override:/home/vicente/VSNT-CollisionAvoidance/src/install/asv_perception_classification/lib/python3.10/site-packages:${PYTHONPATH} /usr/bin/python3 -W ignore:setup.py install is deprecated setup.py develop --editable --build-directory /home/vicente/VSNT-CollisionAvoidance/src/build/asv_perception_classification/build --no-deps symlink_data --force
[2.963s] INFO:colcon.colcon_core.shell:Creating environment hook '/home/vicente/VSNT-CollisionAvoidance/src/build/asv_perception_classification/share/asv_perception_classification/hook/pythonpath_develop.sh'
[2.967s] Level 1:colcon.colcon_core.environment:checking '/home/vicente/VSNT-CollisionAvoidance/src/install/asv_perception_classification' for CMake module files
[2.969s] Level 1:colcon.colcon_core.environment:checking '/home/vicente/VSNT-CollisionAvoidance/src/install/asv_perception_classification' for CMake config files
[2.971s] Level 1:colcon.colcon_core.environment:checking '/home/vicente/VSNT-CollisionAvoidance/src/install/asv_perception_classification/lib'
[2.971s] Level 1:colcon.colcon_core.environment:checking '/home/vicente/VSNT-CollisionAvoidance/src/install/asv_perception_classification/bin'
[2.971s] Level 1:colcon.colcon_core.environment:checking '/home/vicente/VSNT-CollisionAvoidance/src/install/asv_perception_classification/lib/pkgconfig/asv_perception_classification.pc'
[2.972s] Level 1:colcon.colcon_core.environment:checking '/home/vicente/VSNT-CollisionAvoidance/src/install/asv_perception_classification/lib/python3.10/site-packages'
[2.972s] Level 1:colcon.colcon_core.shell:create_environment_hook('asv_perception_classification', 'pythonpath')
[2.972s] INFO:colcon.colcon_core.shell:Creating environment hook '/home/vicente/VSNT-CollisionAvoidance/src/install/asv_perception_classification/share/asv_perception_classification/hook/pythonpath.ps1'
[2.974s] INFO:colcon.colcon_core.shell:Creating environment descriptor '/home/vicente/VSNT-CollisionAvoidance/src/install/asv_perception_classification/share/asv_perception_classification/hook/pythonpath.dsv'
[2.976s] INFO:colcon.colcon_core.shell:Creating environment hook '/home/vicente/VSNT-CollisionAvoidance/src/install/asv_perception_classification/share/asv_perception_classification/hook/pythonpath.sh'
[2.978s] Level 1:colcon.colcon_core.environment:checking '/home/vicente/VSNT-CollisionAvoidance/src/install/asv_perception_classification/bin'
[2.978s] Level 1:colcon.colcon_core.environment:create_environment_scripts_only(asv_perception_classification)
[2.979s] INFO:colcon.colcon_core.shell:Creating package script '/home/vicente/VSNT-CollisionAvoidance/src/install/asv_perception_classification/share/asv_perception_classification/package.ps1'
[2.981s] INFO:colcon.colcon_core.shell:Creating package descriptor '/home/vicente/VSNT-CollisionAvoidance/src/install/asv_perception_classification/share/asv_perception_classification/package.dsv'
[2.983s] INFO:colcon.colcon_core.shell:Creating package script '/home/vicente/VSNT-CollisionAvoidance/src/install/asv_perception_classification/share/asv_perception_classification/package.sh'
[2.986s] INFO:colcon.colcon_core.shell:Creating package script '/home/vicente/VSNT-CollisionAvoidance/src/install/asv_perception_classification/share/asv_perception_classification/package.bash'
[2.992s] INFO:colcon.colcon_core.shell:Creating package script '/home/vicente/VSNT-CollisionAvoidance/src/install/asv_perception_classification/share/asv_perception_classification/package.zsh'
[2.994s] Level 1:colcon.colcon_core.environment:create_file_with_runtime_dependencies(/home/vicente/VSNT-CollisionAvoidance/src/install/asv_perception_classification/share/colcon-core/packages/asv_perception_classification)
[2.996s] DEBUG:colcon.colcon_parallel_executor.executor.parallel:closing loop
[2.997s] DEBUG:colcon.colcon_parallel_executor.executor.parallel:loop closed
[2.997s] DEBUG:colcon.colcon_parallel_executor.executor.parallel:run_until_complete finished with '0'
[2.997s] DEBUG:colcon.colcon_core.event_reactor:joining thread
[3.008s] INFO:colcon.colcon_core.plugin_system:Skipping extension 'colcon_notification.desktop_notification.terminal_notifier': Not used on non-Darwin systems
[3.008s] INFO:colcon.colcon_core.plugin_system:Skipping extension 'colcon_notification.desktop_notification.win32': Not used on non-Windows systems
[3.008s] INFO:colcon.colcon_notification.desktop_notification:Sending desktop notification using 'notify2'
[3.033s] DEBUG:colcon.colcon_core.event_reactor:joined thread
[3.034s] INFO:colcon.colcon_core.shell:Creating prefix script '/home/vicente/VSNT-CollisionAvoidance/src/install/local_setup.ps1'
[3.037s] INFO:colcon.colcon_core.shell:Creating prefix util module '/home/vicente/VSNT-CollisionAvoidance/src/install/_local_setup_util_ps1.py'
[3.042s] INFO:colcon.colcon_core.shell:Creating prefix chain script '/home/vicente/VSNT-CollisionAvoidance/src/install/setup.ps1'
[3.045s] INFO:colcon.colcon_core.shell:Creating prefix script '/home/vicente/VSNT-CollisionAvoidance/src/install/local_setup.sh'
[3.048s] INFO:colcon.colcon_core.shell:Creating prefix util module '/home/vicente/VSNT-CollisionAvoidance/src/install/_local_setup_util_sh.py'
[3.049s] INFO:colcon.colcon_core.shell:Creating prefix chain script '/home/vicente/VSNT-CollisionAvoidance/src/install/setup.sh'
[3.051s] INFO:colcon.colcon_core.shell:Creating prefix script '/home/vicente/VSNT-CollisionAvoidance/src/install/local_setup.bash'
[3.053s] INFO:colcon.colcon_core.shell:Creating prefix chain script '/home/vicente/VSNT-CollisionAvoidance/src/install/setup.bash'
[3.056s] INFO:colcon.colcon_core.shell:Creating prefix script '/home/vicente/VSNT-CollisionAvoidance/src/install/local_setup.zsh'
[3.059s] INFO:colcon.colcon_core.shell:Creating prefix chain script '/home/vicente/VSNT-CollisionAvoidance/src/install/setup.zsh'
