[1.509s] Invoking command in '/home/vicente/VSNT-CollisionAvoidance/src/asv_perception_classification': PYTHONPATH=/home/vicente/VSNT-CollisionAvoidance/build/asv_perception_classification/prefix_override:/home/vicente/VSNT-CollisionAvoidance/install/asv_perception_classification/lib/python3.10/site-packages:${PYTHONPATH} /usr/bin/python3 -W ignore:setup.py install is deprecated setup.py egg_info --egg-base ../../build/asv_perception_classification build --build-base /home/vicente/VSNT-CollisionAvoidance/build/asv_perception_classification/build install --record /home/vicente/VSNT-CollisionAvoidance/build/asv_perception_classification/install.log --single-version-externally-managed install_data
[1.877s] running egg_info
[1.881s] writing ../../build/asv_perception_classification/asv_perception_classification.egg-info/PKG-INFO
[1.884s] writing dependency_links to ../../build/asv_perception_classification/asv_perception_classification.egg-info/dependency_links.txt
[1.888s] writing entry points to ../../build/asv_perception_classification/asv_perception_classification.egg-info/entry_points.txt
[1.892s] writing requirements to ../../build/asv_perception_classification/asv_perception_classification.egg-info/requires.txt
[1.895s] writing top-level names to ../../build/asv_perception_classification/asv_perception_classification.egg-info/top_level.txt
[1.902s] reading manifest file '../../build/asv_perception_classification/asv_perception_classification.egg-info/SOURCES.txt'
[1.907s] writing manifest file '../../build/asv_perception_classification/asv_perception_classification.egg-info/SOURCES.txt'
[1.908s] running build
[1.910s] running build_py
[1.910s] copying asv_perception_classification/yolo_subscriber.py -> /home/vicente/VSNT-CollisionAvoidance/build/asv_perception_classification/build/lib/asv_perception_classification
[1.910s] running install
[1.910s] running install_lib
[1.914s] copying /home/vicente/VSNT-CollisionAvoidance/build/asv_perception_classification/build/lib/asv_perception_classification/yolo_subscriber.py -> /home/vicente/VSNT-CollisionAvoidance/install/asv_perception_classification/lib/python3.10/site-packages/asv_perception_classification
[1.914s] byte-compiling /home/vicente/VSNT-CollisionAvoidance/install/asv_perception_classification/lib/python3.10/site-packages/asv_perception_classification/yolo_subscriber.py to yolo_subscriber.cpython-310.pyc
[1.917s] running install_data
[1.917s] running install_egg_info
[1.920s] removing '/home/vicente/VSNT-CollisionAvoidance/install/asv_perception_classification/lib/python3.10/site-packages/asv_perception_classification-0.0.0-py3.10.egg-info' (and everything under it)
[1.924s] Copying ../../build/asv_perception_classification/asv_perception_classification.egg-info to /home/vicente/VSNT-CollisionAvoidance/install/asv_perception_classification/lib/python3.10/site-packages/asv_perception_classification-0.0.0-py3.10.egg-info
[1.932s] running install_scripts
[1.978s] Installing video_publisher script to /home/vicente/VSNT-CollisionAvoidance/install/asv_perception_classification/lib/asv_perception_classification
[1.978s] Installing yolo_subscriber script to /home/vicente/VSNT-CollisionAvoidance/install/asv_perception_classification/lib/asv_perception_classification
[1.979s] writing list of installed files to '/home/vicente/VSNT-CollisionAvoidance/build/asv_perception_classification/install.log'
[2.027s] Invoked command in '/home/vicente/VSNT-CollisionAvoidance/src/asv_perception_classification' returned '0': PYTHONPATH=/home/vicente/VSNT-CollisionAvoidance/build/asv_perception_classification/prefix_override:/home/vicente/VSNT-CollisionAvoidance/install/asv_perception_classification/lib/python3.10/site-packages:${PYTHONPATH} /usr/bin/python3 -W ignore:setup.py install is deprecated setup.py egg_info --egg-base ../../build/asv_perception_classification build --build-base /home/vicente/VSNT-CollisionAvoidance/build/asv_perception_classification/build install --record /home/vicente/VSNT-CollisionAvoidance/build/asv_perception_classification/install.log --single-version-externally-managed install_data
