[0.773s] Invoking command in '/home/vicente/VSNT-CollisionAvoidance/src/asv_perception_classification': PYTHONPATH=/home/vicente/VSNT-CollisionAvoidance/build/asv_perception_classification/prefix_override:/home/vicente/VSNT-CollisionAvoidance/install/asv_perception_classification/lib/python3.10/site-packages:${PYTHONPATH} /usr/bin/python3 -W ignore:setup.py install is deprecated setup.py egg_info --egg-base ../../build/asv_perception_classification build --build-base /home/vicente/VSNT-CollisionAvoidance/build/asv_perception_classification/build install --record /home/vicente/VSNT-CollisionAvoidance/build/asv_perception_classification/install.log --single-version-externally-managed install_data
[1.041s] running egg_info
[1.042s] creating ../../build/asv_perception_classification/asv_perception_classification.egg-info
[1.042s] writing ../../build/asv_perception_classification/asv_perception_classification.egg-info/PKG-INFO
[1.042s] writing dependency_links to ../../build/asv_perception_classification/asv_perception_classification.egg-info/dependency_links.txt
[1.042s] writing entry points to ../../build/asv_perception_classification/asv_perception_classification.egg-info/entry_points.txt
[1.042s] writing requirements to ../../build/asv_perception_classification/asv_perception_classification.egg-info/requires.txt
[1.042s] writing top-level names to ../../build/asv_perception_classification/asv_perception_classification.egg-info/top_level.txt
[1.042s] writing manifest file '../../build/asv_perception_classification/asv_perception_classification.egg-info/SOURCES.txt'
[1.045s] reading manifest file '../../build/asv_perception_classification/asv_perception_classification.egg-info/SOURCES.txt'
[1.047s] writing manifest file '../../build/asv_perception_classification/asv_perception_classification.egg-info/SOURCES.txt'
[1.047s] running build
[1.048s] running build_py
[1.048s] creating /home/vicente/VSNT-CollisionAvoidance/build/asv_perception_classification/build
[1.048s] creating /home/vicente/VSNT-CollisionAvoidance/build/asv_perception_classification/build/lib
[1.048s] creating /home/vicente/VSNT-CollisionAvoidance/build/asv_perception_classification/build/lib/asv_perception_classification
[1.048s] copying asv_perception_classification/__init__.py -> /home/vicente/VSNT-CollisionAvoidance/build/asv_perception_classification/build/lib/asv_perception_classification
[1.048s] running install
[1.049s] running install_lib
[1.050s] creating /home/vicente/VSNT-CollisionAvoidance/install/asv_perception_classification/lib/python3.10/site-packages/asv_perception_classification
[1.050s] copying /home/vicente/VSNT-CollisionAvoidance/build/asv_perception_classification/build/lib/asv_perception_classification/__init__.py -> /home/vicente/VSNT-CollisionAvoidance/install/asv_perception_classification/lib/python3.10/site-packages/asv_perception_classification
[1.051s] byte-compiling /home/vicente/VSNT-CollisionAvoidance/install/asv_perception_classification/lib/python3.10/site-packages/asv_perception_classification/__init__.py to __init__.cpython-310.pyc
[1.052s] running install_data
[1.052s] creating /home/vicente/VSNT-CollisionAvoidance/install/asv_perception_classification/share/ament_index
[1.053s] creating /home/vicente/VSNT-CollisionAvoidance/install/asv_perception_classification/share/ament_index/resource_index
[1.054s] creating /home/vicente/VSNT-CollisionAvoidance/install/asv_perception_classification/share/ament_index/resource_index/packages
[1.055s] copying resource/asv_perception_classification -> /home/vicente/VSNT-CollisionAvoidance/install/asv_perception_classification/share/ament_index/resource_index/packages
[1.055s] copying package.xml -> /home/vicente/VSNT-CollisionAvoidance/install/asv_perception_classification/share/asv_perception_classification
[1.055s] running install_egg_info
[1.059s] Copying ../../build/asv_perception_classification/asv_perception_classification.egg-info to /home/vicente/VSNT-CollisionAvoidance/install/asv_perception_classification/lib/python3.10/site-packages/asv_perception_classification-0.0.0-py3.10.egg-info
[1.061s] running install_scripts
[1.094s] writing list of installed files to '/home/vicente/VSNT-CollisionAvoidance/build/asv_perception_classification/install.log'
[1.123s] Invoked command in '/home/vicente/VSNT-CollisionAvoidance/src/asv_perception_classification' returned '0': PYTHONPATH=/home/vicente/VSNT-CollisionAvoidance/build/asv_perception_classification/prefix_override:/home/vicente/VSNT-CollisionAvoidance/install/asv_perception_classification/lib/python3.10/site-packages:${PYTHONPATH} /usr/bin/python3 -W ignore:setup.py install is deprecated setup.py egg_info --egg-base ../../build/asv_perception_classification build --build-base /home/vicente/VSNT-CollisionAvoidance/build/asv_perception_classification/build install --record /home/vicente/VSNT-CollisionAvoidance/build/asv_perception_classification/install.log --single-version-externally-managed install_data
