[1.409s] DEBUG:colcon:Command line arguments: ['/usr/bin/colcon', 'build']
[1.410s] DEBUG:colcon:Parsed command line arguments: Namespace(log_base=None, log_level=None, verb_name='build', build_base='build', install_base='install', merge_install=False, symlink_install=False, test_result_base=None, continue_on_error=False, executor='parallel', parallel_workers=2, event_handlers=None, ignore_user_meta=False, metas=['./colcon.meta'], base_paths=['.'], packages_ignore=None, packages_ignore_regex=None, paths=None, packages_up_to=None, packages_up_to_regex=None, packages_above=None, packages_above_and_dependencies=None, packages_above_depth=None, packages_select_by_dep=None, packages_skip_by_dep=None, packages_skip_up_to=None, packages_select_build_failed=False, packages_skip_build_finished=False, packages_select_test_failures=False, packages_skip_test_passed=False, packages_select=None, packages_skip=None, packages_select_regex=None, packages_skip_regex=None, packages_start=None, packages_end=None, allow_overriding=[], cmake_args=None, cmake_target=None, cmake_target_skip_unavailable=False, cmake_clean_cache=False, cmake_clean_first=False, cmake_force_configure=False, ament_cmake_args=None, catkin_cmake_args=None, catkin_skip_building_tests=False, verb_parser=<colcon_defaults.argument_parser.defaults.DefaultArgumentsDecorator object at 0x79975a440160>, verb_extension=<colcon_core.verb.build.BuildVerb object at 0x79975a40bb20>, main=<bound method BuildVerb.main of <colcon_core.verb.build.BuildVerb object at 0x79975a40bb20>>)
[3.516s] Level 1:colcon.colcon_core.package_discovery:discover_packages(colcon_meta) check parameters
[3.517s] Level 1:colcon.colcon_core.package_discovery:discover_packages(recursive) check parameters
[3.518s] Level 1:colcon.colcon_core.package_discovery:discover_packages(ignore) check parameters
[3.518s] Level 1:colcon.colcon_core.package_discovery:discover_packages(path) check parameters
[3.518s] Level 1:colcon.colcon_core.package_discovery:discover_packages(colcon_meta) discover
[3.518s] Level 1:colcon.colcon_core.package_discovery:discover_packages(recursive) discover
[3.518s] INFO:colcon.colcon_core.package_discovery:Crawling recursively for packages in '/home/vicente/VSNT-CollisionAvoidance/src'
[3.518s] Level 1:colcon.colcon_core.package_identification:_identify(.) by extensions ['ignore', 'ignore_ament_install']
[3.518s] Level 1:colcon.colcon_core.package_identification:_identify(.) by extension 'ignore'
[3.518s] Level 1:colcon.colcon_core.package_identification:_identify(.) by extension 'ignore_ament_install'
[3.518s] Level 1:colcon.colcon_core.package_identification:_identify(.) by extensions ['colcon_pkg']
[3.518s] Level 1:colcon.colcon_core.package_identification:_identify(.) by extension 'colcon_pkg'
[3.518s] Level 1:colcon.colcon_core.package_identification:_identify(.) by extensions ['colcon_meta']
[3.518s] Level 1:colcon.colcon_core.package_identification:_identify(.) by extension 'colcon_meta'
[3.519s] Level 1:colcon.colcon_core.package_identification:_identify(.) by extensions ['ros']
[3.519s] Level 1:colcon.colcon_core.package_identification:_identify(.) by extension 'ros'
[3.623s] Level 1:colcon.colcon_core.package_identification:_identify(.) by extensions ['cmake', 'python']
[3.623s] Level 1:colcon.colcon_core.package_identification:_identify(.) by extension 'cmake'
[3.624s] Level 1:colcon.colcon_core.package_identification:_identify(.) by extension 'python'
[3.624s] Level 1:colcon.colcon_core.package_identification:_identify(.) by extensions ['python_setup_py']
[3.624s] Level 1:colcon.colcon_core.package_identification:_identify(.) by extension 'python_setup_py'
[3.624s] Level 1:colcon.colcon_core.package_identification:_identify(asv_perception_classification) by extensions ['ignore', 'ignore_ament_install']
[3.625s] Level 1:colcon.colcon_core.package_identification:_identify(asv_perception_classification) by extension 'ignore'
[3.625s] Level 1:colcon.colcon_core.package_identification:_identify(asv_perception_classification) by extension 'ignore_ament_install'
[3.625s] Level 1:colcon.colcon_core.package_identification:_identify(asv_perception_classification) by extensions ['colcon_pkg']
[3.626s] Level 1:colcon.colcon_core.package_identification:_identify(asv_perception_classification) by extension 'colcon_pkg'
[3.626s] Level 1:colcon.colcon_core.package_identification:_identify(asv_perception_classification) by extensions ['colcon_meta']
[3.626s] Level 1:colcon.colcon_core.package_identification:_identify(asv_perception_classification) by extension 'colcon_meta'
[3.626s] Level 1:colcon.colcon_core.package_identification:_identify(asv_perception_classification) by extensions ['ros']
[3.632s] Level 1:colcon.colcon_core.package_identification:_identify(asv_perception_classification) by extension 'ros'
[3.719s] DEBUG:colcon.colcon_core.package_identification:Package 'asv_perception_classification' with type 'ros.ament_python' and name 'asv_perception_classification'
[3.719s] Level 1:colcon.colcon_core.package_identification:_identify(build) by extensions ['ignore', 'ignore_ament_install']
[3.719s] Level 1:colcon.colcon_core.package_identification:_identify(build) by extension 'ignore'
[3.719s] Level 1:colcon.colcon_core.package_identification:_identify(build) ignored
[3.720s] Level 1:colcon.colcon_core.package_identification:_identify(install) by extensions ['ignore', 'ignore_ament_install']
[3.720s] Level 1:colcon.colcon_core.package_identification:_identify(install) by extension 'ignore'
[3.720s] Level 1:colcon.colcon_core.package_identification:_identify(install) ignored
[3.720s] Level 1:colcon.colcon_core.package_identification:_identify(log) by extensions ['ignore', 'ignore_ament_install']
[3.721s] Level 1:colcon.colcon_core.package_identification:_identify(log) by extension 'ignore'
[3.721s] Level 1:colcon.colcon_core.package_identification:_identify(log) ignored
[3.721s] Level 1:colcon.colcon_core.package_discovery:discover_packages(recursive) using defaults
[3.721s] Level 1:colcon.colcon_core.package_discovery:discover_packages(ignore) discover
[3.721s] Level 1:colcon.colcon_core.package_discovery:discover_packages(ignore) using defaults
[3.721s] Level 1:colcon.colcon_core.package_discovery:discover_packages(path) discover
[3.721s] Level 1:colcon.colcon_core.package_discovery:discover_packages(path) using defaults
[4.167s] Level 1:colcon.colcon_core.package_discovery:discover_packages(prefix_path) check parameters
[4.167s] Level 1:colcon.colcon_core.package_discovery:discover_packages(prefix_path) discover
[4.255s] DEBUG:colcon.colcon_installed_package_information.package_discovery:Found 1 installed packages in /home/vicente/VSNT-CollisionAvoidance/install
[4.258s] DEBUG:colcon.colcon_installed_package_information.package_discovery:Found 270 installed packages in /opt/ros/humble
[4.272s] Level 1:colcon.colcon_core.package_discovery:discover_packages(prefix_path) using defaults
[4.669s] Level 5:colcon.colcon_core.verb:set package 'asv_perception_classification' build argument 'cmake_args' from command line to 'None'
[4.669s] Level 5:colcon.colcon_core.verb:set package 'asv_perception_classification' build argument 'cmake_target' from command line to 'None'
[4.669s] Level 5:colcon.colcon_core.verb:set package 'asv_perception_classification' build argument 'cmake_target_skip_unavailable' from command line to 'False'
[4.669s] Level 5:colcon.colcon_core.verb:set package 'asv_perception_classification' build argument 'cmake_clean_cache' from command line to 'False'
[4.669s] Level 5:colcon.colcon_core.verb:set package 'asv_perception_classification' build argument 'cmake_clean_first' from command line to 'False'
[4.669s] Level 5:colcon.colcon_core.verb:set package 'asv_perception_classification' build argument 'cmake_force_configure' from command line to 'False'
[4.669s] Level 5:colcon.colcon_core.verb:set package 'asv_perception_classification' build argument 'ament_cmake_args' from command line to 'None'
[4.669s] Level 5:colcon.colcon_core.verb:set package 'asv_perception_classification' build argument 'catkin_cmake_args' from command line to 'None'
[4.669s] Level 5:colcon.colcon_core.verb:set package 'asv_perception_classification' build argument 'catkin_skip_building_tests' from command line to 'False'
[4.670s] DEBUG:colcon.colcon_core.verb:Building package 'asv_perception_classification' with the following arguments: {'ament_cmake_args': None, 'build_base': '/home/vicente/VSNT-CollisionAvoidance/src/build/asv_perception_classification', 'catkin_cmake_args': None, 'catkin_skip_building_tests': False, 'cmake_args': None, 'cmake_clean_cache': False, 'cmake_clean_first': False, 'cmake_force_configure': False, 'cmake_target': None, 'cmake_target_skip_unavailable': False, 'install_base': '/home/vicente/VSNT-CollisionAvoidance/src/install/asv_perception_classification', 'merge_install': False, 'path': '/home/vicente/VSNT-CollisionAvoidance/src/asv_perception_classification', 'symlink_install': False, 'test_result_base': None}
[4.670s] INFO:colcon.colcon_core.executor:Executing jobs using 'parallel' executor
[4.696s] DEBUG:colcon.colcon_parallel_executor.executor.parallel:run_until_complete
[4.697s] INFO:colcon.colcon_ros.task.ament_python.build:Building ROS package in '/home/vicente/VSNT-CollisionAvoidance/src/asv_perception_classification' with build type 'ament_python'
[4.698s] Level 1:colcon.colcon_core.shell:create_environment_hook('asv_perception_classification', 'ament_prefix_path')
[4.817s] INFO:colcon.colcon_core.plugin_system:Skipping extension 'colcon_core.shell.bat': Not used on non-Windows systems
[4.818s] INFO:colcon.colcon_core.shell:Creating environment hook '/home/vicente/VSNT-CollisionAvoidance/src/install/asv_perception_classification/share/asv_perception_classification/hook/ament_prefix_path.ps1'
[4.835s] INFO:colcon.colcon_core.shell:Creating environment descriptor '/home/vicente/VSNT-CollisionAvoidance/src/install/asv_perception_classification/share/asv_perception_classification/hook/ament_prefix_path.dsv'
[4.852s] INFO:colcon.colcon_core.shell:Creating environment hook '/home/vicente/VSNT-CollisionAvoidance/src/install/asv_perception_classification/share/asv_perception_classification/hook/ament_prefix_path.sh'
[4.856s] INFO:colcon.colcon_core.shell:Skip shell extension 'powershell' for command environment: Not usable outside of PowerShell
[4.856s] DEBUG:colcon.colcon_core.shell:Skip shell extension 'dsv' for command environment
[6.157s] INFO:colcon.colcon_core.task.python.build:Building Python package in '/home/vicente/VSNT-CollisionAvoidance/src/asv_perception_classification'
[6.157s] INFO:colcon.colcon_core.shell:Skip shell extension 'powershell' for command environment: Not usable outside of PowerShell
[6.158s] DEBUG:colcon.colcon_core.shell:Skip shell extension 'dsv' for command environment
[8.255s] DEBUG:colcon.colcon_core.event_handler.log_command:Invoking command in '/home/vicente/VSNT-CollisionAvoidance/src/asv_perception_classification': PYTHONPATH=/home/vicente/VSNT-CollisionAvoidance/src/build/asv_perception_classification/prefix_override:/home/vicente/VSNT-CollisionAvoidance/src/install/asv_perception_classification/lib/python3.10/site-packages:${PYTHONPATH} /usr/bin/python3 -W ignore:setup.py install is deprecated setup.py egg_info --egg-base ../build/asv_perception_classification build --build-base /home/vicente/VSNT-CollisionAvoidance/src/build/asv_perception_classification/build install --record /home/vicente/VSNT-CollisionAvoidance/src/build/asv_perception_classification/install.log --single-version-externally-managed install_data
[9.127s] DEBUG:colcon.colcon_core.event_handler.log_command:Invoked command in '/home/vicente/VSNT-CollisionAvoidance/src/asv_perception_classification' returned '0': PYTHONPATH=/home/vicente/VSNT-CollisionAvoidance/src/build/asv_perception_classification/prefix_override:/home/vicente/VSNT-CollisionAvoidance/src/install/asv_perception_classification/lib/python3.10/site-packages:${PYTHONPATH} /usr/bin/python3 -W ignore:setup.py install is deprecated setup.py egg_info --egg-base ../build/asv_perception_classification build --build-base /home/vicente/VSNT-CollisionAvoidance/src/build/asv_perception_classification/build install --record /home/vicente/VSNT-CollisionAvoidance/src/build/asv_perception_classification/install.log --single-version-externally-managed install_data
[9.267s] Level 1:colcon.colcon_core.environment:checking '/home/vicente/VSNT-CollisionAvoidance/src/install/asv_perception_classification' for CMake module files
[9.268s] Level 1:colcon.colcon_core.environment:checking '/home/vicente/VSNT-CollisionAvoidance/src/install/asv_perception_classification' for CMake config files
[9.270s] Level 1:colcon.colcon_core.environment:checking '/home/vicente/VSNT-CollisionAvoidance/src/install/asv_perception_classification/lib'
[9.271s] Level 1:colcon.colcon_core.environment:checking '/home/vicente/VSNT-CollisionAvoidance/src/install/asv_perception_classification/bin'
[9.271s] Level 1:colcon.colcon_core.environment:checking '/home/vicente/VSNT-CollisionAvoidance/src/install/asv_perception_classification/lib/pkgconfig/asv_perception_classification.pc'
[9.271s] Level 1:colcon.colcon_core.environment:checking '/home/vicente/VSNT-CollisionAvoidance/src/install/asv_perception_classification/lib/python3.10/site-packages'
[9.272s] Level 1:colcon.colcon_core.shell:create_environment_hook('asv_perception_classification', 'pythonpath')
[9.272s] INFO:colcon.colcon_core.shell:Creating environment hook '/home/vicente/VSNT-CollisionAvoidance/src/install/asv_perception_classification/share/asv_perception_classification/hook/pythonpath.ps1'
[9.273s] INFO:colcon.colcon_core.shell:Creating environment descriptor '/home/vicente/VSNT-CollisionAvoidance/src/install/asv_perception_classification/share/asv_perception_classification/hook/pythonpath.dsv'
[9.321s] INFO:colcon.colcon_core.shell:Creating environment hook '/home/vicente/VSNT-CollisionAvoidance/src/install/asv_perception_classification/share/asv_perception_classification/hook/pythonpath.sh'
[9.322s] Level 1:colcon.colcon_core.environment:checking '/home/vicente/VSNT-CollisionAvoidance/src/install/asv_perception_classification/bin'
[9.322s] Level 1:colcon.colcon_core.environment:create_environment_scripts_only(asv_perception_classification)
[9.323s] INFO:colcon.colcon_core.shell:Creating package script '/home/vicente/VSNT-CollisionAvoidance/src/install/asv_perception_classification/share/asv_perception_classification/package.ps1'
[9.345s] INFO:colcon.colcon_core.shell:Creating package descriptor '/home/vicente/VSNT-CollisionAvoidance/src/install/asv_perception_classification/share/asv_perception_classification/package.dsv'
[9.349s] INFO:colcon.colcon_core.shell:Creating package script '/home/vicente/VSNT-CollisionAvoidance/src/install/asv_perception_classification/share/asv_perception_classification/package.sh'
[9.352s] INFO:colcon.colcon_core.shell:Creating package script '/home/vicente/VSNT-CollisionAvoidance/src/install/asv_perception_classification/share/asv_perception_classification/package.bash'
[9.357s] INFO:colcon.colcon_core.shell:Creating package script '/home/vicente/VSNT-CollisionAvoidance/src/install/asv_perception_classification/share/asv_perception_classification/package.zsh'
[9.372s] Level 1:colcon.colcon_core.environment:create_file_with_runtime_dependencies(/home/vicente/VSNT-CollisionAvoidance/src/install/asv_perception_classification/share/colcon-core/packages/asv_perception_classification)
[9.373s] DEBUG:colcon.colcon_parallel_executor.executor.parallel:closing loop
[9.376s] DEBUG:colcon.colcon_parallel_executor.executor.parallel:loop closed
[9.377s] DEBUG:colcon.colcon_parallel_executor.executor.parallel:run_until_complete finished with '0'
[9.377s] DEBUG:colcon.colcon_core.event_reactor:joining thread
[9.469s] INFO:colcon.colcon_core.plugin_system:Skipping extension 'colcon_notification.desktop_notification.terminal_notifier': Not used on non-Darwin systems
[9.469s] INFO:colcon.colcon_core.plugin_system:Skipping extension 'colcon_notification.desktop_notification.win32': Not used on non-Windows systems
[9.469s] INFO:colcon.colcon_notification.desktop_notification:Sending desktop notification using 'notify2'
[9.565s] DEBUG:colcon.colcon_core.event_reactor:joined thread
[9.565s] INFO:colcon.colcon_core.shell:Creating prefix script '/home/vicente/VSNT-CollisionAvoidance/src/install/local_setup.ps1'
[9.581s] INFO:colcon.colcon_core.shell:Creating prefix util module '/home/vicente/VSNT-CollisionAvoidance/src/install/_local_setup_util_ps1.py'
[9.586s] INFO:colcon.colcon_core.shell:Creating prefix chain script '/home/vicente/VSNT-CollisionAvoidance/src/install/setup.ps1'
[9.591s] INFO:colcon.colcon_core.shell:Creating prefix script '/home/vicente/VSNT-CollisionAvoidance/src/install/local_setup.sh'
[9.604s] INFO:colcon.colcon_core.shell:Creating prefix util module '/home/vicente/VSNT-CollisionAvoidance/src/install/_local_setup_util_sh.py'
[9.607s] INFO:colcon.colcon_core.shell:Creating prefix chain script '/home/vicente/VSNT-CollisionAvoidance/src/install/setup.sh'
[9.612s] INFO:colcon.colcon_core.shell:Creating prefix script '/home/vicente/VSNT-CollisionAvoidance/src/install/local_setup.bash'
[9.616s] INFO:colcon.colcon_core.shell:Creating prefix chain script '/home/vicente/VSNT-CollisionAvoidance/src/install/setup.bash'
[9.621s] INFO:colcon.colcon_core.shell:Creating prefix script '/home/vicente/VSNT-CollisionAvoidance/src/install/local_setup.zsh'
[9.626s] INFO:colcon.colcon_core.shell:Creating prefix chain script '/home/vicente/VSNT-CollisionAvoidance/src/install/setup.zsh'
