[0.123s] DEBUG:colcon:Command line arguments: ['/usr/bin/colcon', 'build']
[0.123s] DEBUG:colcon:Parsed command line arguments: Namespace(log_base=None, log_level=None, verb_name='build', build_base='build', install_base='install', merge_install=False, symlink_install=False, test_result_base=None, continue_on_error=False, executor='parallel', parallel_workers=2, event_handlers=None, ignore_user_meta=False, metas=['./colcon.meta'], base_paths=['.'], packages_ignore=None, packages_ignore_regex=None, paths=None, packages_up_to=None, packages_up_to_regex=None, packages_above=None, packages_above_and_dependencies=None, packages_above_depth=None, packages_select_by_dep=None, packages_skip_by_dep=None, packages_skip_up_to=None, packages_select_build_failed=False, packages_skip_build_finished=False, packages_select_test_failures=False, packages_skip_test_passed=False, packages_select=None, packages_skip=None, packages_select_regex=None, packages_skip_regex=None, packages_start=None, packages_end=None, allow_overriding=[], cmake_args=None, cmake_target=None, cmake_target_skip_unavailable=False, cmake_clean_cache=False, cmake_clean_first=False, cmake_force_configure=False, ament_cmake_args=None, catkin_cmake_args=None, catkin_skip_building_tests=False, verb_parser=<colcon_defaults.argument_parser.defaults.DefaultArgumentsDecorator object at 0x7b9ce4ceb670>, verb_extension=<colcon_core.verb.build.BuildVerb object at 0x7b9ce4c38160>, main=<bound method BuildVerb.main of <colcon_core.verb.build.BuildVerb object at 0x7b9ce4c38160>>)
[0.300s] Level 1:colcon.colcon_core.package_discovery:discover_packages(colcon_meta) check parameters
[0.300s] Level 1:colcon.colcon_core.package_discovery:discover_packages(recursive) check parameters
[0.300s] Level 1:colcon.colcon_core.package_discovery:discover_packages(ignore) check parameters
[0.300s] Level 1:colcon.colcon_core.package_discovery:discover_packages(path) check parameters
[0.300s] Level 1:colcon.colcon_core.package_discovery:discover_packages(colcon_meta) discover
[0.301s] Level 1:colcon.colcon_core.package_discovery:discover_packages(recursive) discover
[0.301s] INFO:colcon.colcon_core.package_discovery:Crawling recursively for packages in '/home/vicente/VSNT-CollisionAvoidance'
[0.301s] Level 1:colcon.colcon_core.package_identification:_identify(.) by extensions ['ignore', 'ignore_ament_install']
[0.301s] Level 1:colcon.colcon_core.package_identification:_identify(.) by extension 'ignore'
[0.301s] Level 1:colcon.colcon_core.package_identification:_identify(.) by extension 'ignore_ament_install'
[0.301s] Level 1:colcon.colcon_core.package_identification:_identify(.) by extensions ['colcon_pkg']
[0.301s] Level 1:colcon.colcon_core.package_identification:_identify(.) by extension 'colcon_pkg'
[0.301s] Level 1:colcon.colcon_core.package_identification:_identify(.) by extensions ['colcon_meta']
[0.301s] Level 1:colcon.colcon_core.package_identification:_identify(.) by extension 'colcon_meta'
[0.301s] Level 1:colcon.colcon_core.package_identification:_identify(.) by extensions ['ros']
[0.301s] Level 1:colcon.colcon_core.package_identification:_identify(.) by extension 'ros'
[0.315s] Level 1:colcon.colcon_core.package_identification:_identify(.) by extensions ['cmake', 'python']
[0.315s] Level 1:colcon.colcon_core.package_identification:_identify(.) by extension 'cmake'
[0.315s] Level 1:colcon.colcon_core.package_identification:_identify(.) by extension 'python'
[0.315s] Level 1:colcon.colcon_core.package_identification:_identify(.) by extensions ['python_setup_py']
[0.315s] Level 1:colcon.colcon_core.package_identification:_identify(.) by extension 'python_setup_py'
[0.315s] Level 1:colcon.colcon_core.package_identification:_identify(build) by extensions ['ignore', 'ignore_ament_install']
[0.315s] Level 1:colcon.colcon_core.package_identification:_identify(build) by extension 'ignore'
[0.315s] Level 1:colcon.colcon_core.package_identification:_identify(build) ignored
[0.315s] Level 1:colcon.colcon_core.package_identification:_identify(install) by extensions ['ignore', 'ignore_ament_install']
[0.316s] Level 1:colcon.colcon_core.package_identification:_identify(install) by extension 'ignore'
[0.316s] Level 1:colcon.colcon_core.package_identification:_identify(install) ignored
[0.316s] Level 1:colcon.colcon_core.package_identification:_identify(log) by extensions ['ignore', 'ignore_ament_install']
[0.316s] Level 1:colcon.colcon_core.package_identification:_identify(log) by extension 'ignore'
[0.316s] Level 1:colcon.colcon_core.package_identification:_identify(log) ignored
[0.316s] Level 1:colcon.colcon_core.package_identification:_identify(src) by extensions ['ignore', 'ignore_ament_install']
[0.317s] Level 1:colcon.colcon_core.package_identification:_identify(src) by extension 'ignore'
[0.317s] Level 1:colcon.colcon_core.package_identification:_identify(src) by extension 'ignore_ament_install'
[0.317s] Level 1:colcon.colcon_core.package_identification:_identify(src) by extensions ['colcon_pkg']
[0.317s] Level 1:colcon.colcon_core.package_identification:_identify(src) by extension 'colcon_pkg'
[0.317s] Level 1:colcon.colcon_core.package_identification:_identify(src) by extensions ['colcon_meta']
[0.317s] Level 1:colcon.colcon_core.package_identification:_identify(src) by extension 'colcon_meta'
[0.317s] Level 1:colcon.colcon_core.package_identification:_identify(src) by extensions ['ros']
[0.317s] Level 1:colcon.colcon_core.package_identification:_identify(src) by extension 'ros'
[0.317s] Level 1:colcon.colcon_core.package_identification:_identify(src) by extensions ['cmake', 'python']
[0.317s] Level 1:colcon.colcon_core.package_identification:_identify(src) by extension 'cmake'
[0.317s] Level 1:colcon.colcon_core.package_identification:_identify(src) by extension 'python'
[0.317s] Level 1:colcon.colcon_core.package_identification:_identify(src) by extensions ['python_setup_py']
[0.317s] Level 1:colcon.colcon_core.package_identification:_identify(src) by extension 'python_setup_py'
[0.317s] Level 1:colcon.colcon_core.package_identification:_identify(src/asv_perception_classification) by extensions ['ignore', 'ignore_ament_install']
[0.317s] Level 1:colcon.colcon_core.package_identification:_identify(src/asv_perception_classification) by extension 'ignore'
[0.317s] Level 1:colcon.colcon_core.package_identification:_identify(src/asv_perception_classification) by extension 'ignore_ament_install'
[0.318s] Level 1:colcon.colcon_core.package_identification:_identify(src/asv_perception_classification) by extensions ['colcon_pkg']
[0.318s] Level 1:colcon.colcon_core.package_identification:_identify(src/asv_perception_classification) by extension 'colcon_pkg'
[0.318s] Level 1:colcon.colcon_core.package_identification:_identify(src/asv_perception_classification) by extensions ['colcon_meta']
[0.318s] Level 1:colcon.colcon_core.package_identification:_identify(src/asv_perception_classification) by extension 'colcon_meta'
[0.318s] Level 1:colcon.colcon_core.package_identification:_identify(src/asv_perception_classification) by extensions ['ros']
[0.318s] Level 1:colcon.colcon_core.package_identification:_identify(src/asv_perception_classification) by extension 'ros'
[0.320s] DEBUG:colcon.colcon_core.package_identification:Package 'src/asv_perception_classification' with type 'ros.ament_python' and name 'asv_perception_classification'
[0.320s] Level 1:colcon.colcon_core.package_discovery:discover_packages(recursive) using defaults
[0.321s] Level 1:colcon.colcon_core.package_discovery:discover_packages(ignore) discover
[0.321s] Level 1:colcon.colcon_core.package_discovery:discover_packages(ignore) using defaults
[0.321s] Level 1:colcon.colcon_core.package_discovery:discover_packages(path) discover
[0.321s] Level 1:colcon.colcon_core.package_discovery:discover_packages(path) using defaults
[0.348s] Level 1:colcon.colcon_core.package_discovery:discover_packages(prefix_path) check parameters
[0.348s] Level 1:colcon.colcon_core.package_discovery:discover_packages(prefix_path) discover
[0.350s] DEBUG:colcon.colcon_installed_package_information.package_discovery:Found 3 installed packages in /home/vicente/ros2_ws/install
[0.351s] DEBUG:colcon.colcon_installed_package_information.package_discovery:Found 270 installed packages in /opt/ros/humble
[0.353s] Level 1:colcon.colcon_core.package_discovery:discover_packages(prefix_path) using defaults
[0.409s] Level 5:colcon.colcon_core.verb:set package 'asv_perception_classification' build argument 'cmake_args' from command line to 'None'
[0.409s] Level 5:colcon.colcon_core.verb:set package 'asv_perception_classification' build argument 'cmake_target' from command line to 'None'
[0.409s] Level 5:colcon.colcon_core.verb:set package 'asv_perception_classification' build argument 'cmake_target_skip_unavailable' from command line to 'False'
[0.409s] Level 5:colcon.colcon_core.verb:set package 'asv_perception_classification' build argument 'cmake_clean_cache' from command line to 'False'
[0.409s] Level 5:colcon.colcon_core.verb:set package 'asv_perception_classification' build argument 'cmake_clean_first' from command line to 'False'
[0.409s] Level 5:colcon.colcon_core.verb:set package 'asv_perception_classification' build argument 'cmake_force_configure' from command line to 'False'
[0.409s] Level 5:colcon.colcon_core.verb:set package 'asv_perception_classification' build argument 'ament_cmake_args' from command line to 'None'
[0.409s] Level 5:colcon.colcon_core.verb:set package 'asv_perception_classification' build argument 'catkin_cmake_args' from command line to 'None'
[0.409s] Level 5:colcon.colcon_core.verb:set package 'asv_perception_classification' build argument 'catkin_skip_building_tests' from command line to 'False'
[0.409s] DEBUG:colcon.colcon_core.verb:Building package 'asv_perception_classification' with the following arguments: {'ament_cmake_args': None, 'build_base': '/home/vicente/VSNT-CollisionAvoidance/build/asv_perception_classification', 'catkin_cmake_args': None, 'catkin_skip_building_tests': False, 'cmake_args': None, 'cmake_clean_cache': False, 'cmake_clean_first': False, 'cmake_force_configure': False, 'cmake_target': None, 'cmake_target_skip_unavailable': False, 'install_base': '/home/vicente/VSNT-CollisionAvoidance/install/asv_perception_classification', 'merge_install': False, 'path': '/home/vicente/VSNT-CollisionAvoidance/src/asv_perception_classification', 'symlink_install': False, 'test_result_base': None}
[0.410s] INFO:colcon.colcon_core.executor:Executing jobs using 'parallel' executor
[0.413s] DEBUG:colcon.colcon_parallel_executor.executor.parallel:run_until_complete
[0.413s] INFO:colcon.colcon_ros.task.ament_python.build:Building ROS package in '/home/vicente/VSNT-CollisionAvoidance/src/asv_perception_classification' with build type 'ament_python'
[0.413s] Level 1:colcon.colcon_core.shell:create_environment_hook('asv_perception_classification', 'ament_prefix_path')
[0.417s] INFO:colcon.colcon_core.plugin_system:Skipping extension 'colcon_core.shell.bat': Not used on non-Windows systems
[0.418s] INFO:colcon.colcon_core.shell:Creating environment hook '/home/vicente/VSNT-CollisionAvoidance/install/asv_perception_classification/share/asv_perception_classification/hook/ament_prefix_path.ps1'
[0.419s] INFO:colcon.colcon_core.shell:Creating environment descriptor '/home/vicente/VSNT-CollisionAvoidance/install/asv_perception_classification/share/asv_perception_classification/hook/ament_prefix_path.dsv'
[0.419s] INFO:colcon.colcon_core.shell:Creating environment hook '/home/vicente/VSNT-CollisionAvoidance/install/asv_perception_classification/share/asv_perception_classification/hook/ament_prefix_path.sh'
[0.420s] INFO:colcon.colcon_core.shell:Skip shell extension 'powershell' for command environment: Not usable outside of PowerShell
[0.420s] DEBUG:colcon.colcon_core.shell:Skip shell extension 'dsv' for command environment
[0.735s] INFO:colcon.colcon_core.task.python.build:Building Python package in '/home/vicente/VSNT-CollisionAvoidance/src/asv_perception_classification'
[0.735s] INFO:colcon.colcon_core.shell:Skip shell extension 'powershell' for command environment: Not usable outside of PowerShell
[0.735s] DEBUG:colcon.colcon_core.shell:Skip shell extension 'dsv' for command environment
[1.188s] DEBUG:colcon.colcon_core.event_handler.log_command:Invoking command in '/home/vicente/VSNT-CollisionAvoidance/src/asv_perception_classification': PYTHONPATH=/home/vicente/VSNT-CollisionAvoidance/build/asv_perception_classification/prefix_override:/home/vicente/VSNT-CollisionAvoidance/install/asv_perception_classification/lib/python3.10/site-packages:${PYTHONPATH} /usr/bin/python3 -W ignore:setup.py install is deprecated setup.py egg_info --egg-base ../../build/asv_perception_classification build --build-base /home/vicente/VSNT-CollisionAvoidance/build/asv_perception_classification/build install --record /home/vicente/VSNT-CollisionAvoidance/build/asv_perception_classification/install.log --single-version-externally-managed install_data
[1.539s] DEBUG:colcon.colcon_core.event_handler.log_command:Invoked command in '/home/vicente/VSNT-CollisionAvoidance/src/asv_perception_classification' returned '0': PYTHONPATH=/home/vicente/VSNT-CollisionAvoidance/build/asv_perception_classification/prefix_override:/home/vicente/VSNT-CollisionAvoidance/install/asv_perception_classification/lib/python3.10/site-packages:${PYTHONPATH} /usr/bin/python3 -W ignore:setup.py install is deprecated setup.py egg_info --egg-base ../../build/asv_perception_classification build --build-base /home/vicente/VSNT-CollisionAvoidance/build/asv_perception_classification/build install --record /home/vicente/VSNT-CollisionAvoidance/build/asv_perception_classification/install.log --single-version-externally-managed install_data
[1.540s] Level 1:colcon.colcon_core.environment:checking '/home/vicente/VSNT-CollisionAvoidance/install/asv_perception_classification' for CMake module files
[1.541s] Level 1:colcon.colcon_core.environment:checking '/home/vicente/VSNT-CollisionAvoidance/install/asv_perception_classification' for CMake config files
[1.541s] Level 1:colcon.colcon_core.environment:checking '/home/vicente/VSNT-CollisionAvoidance/install/asv_perception_classification/lib'
[1.542s] Level 1:colcon.colcon_core.environment:checking '/home/vicente/VSNT-CollisionAvoidance/install/asv_perception_classification/bin'
[1.542s] Level 1:colcon.colcon_core.environment:checking '/home/vicente/VSNT-CollisionAvoidance/install/asv_perception_classification/lib/pkgconfig/asv_perception_classification.pc'
[1.542s] Level 1:colcon.colcon_core.environment:checking '/home/vicente/VSNT-CollisionAvoidance/install/asv_perception_classification/lib/python3.10/site-packages'
[1.542s] Level 1:colcon.colcon_core.shell:create_environment_hook('asv_perception_classification', 'pythonpath')
[1.542s] INFO:colcon.colcon_core.shell:Creating environment hook '/home/vicente/VSNT-CollisionAvoidance/install/asv_perception_classification/share/asv_perception_classification/hook/pythonpath.ps1'
[1.543s] INFO:colcon.colcon_core.shell:Creating environment descriptor '/home/vicente/VSNT-CollisionAvoidance/install/asv_perception_classification/share/asv_perception_classification/hook/pythonpath.dsv'
[1.543s] INFO:colcon.colcon_core.shell:Creating environment hook '/home/vicente/VSNT-CollisionAvoidance/install/asv_perception_classification/share/asv_perception_classification/hook/pythonpath.sh'
[1.544s] Level 1:colcon.colcon_core.environment:checking '/home/vicente/VSNT-CollisionAvoidance/install/asv_perception_classification/bin'
[1.544s] Level 1:colcon.colcon_core.environment:create_environment_scripts_only(asv_perception_classification)
[1.545s] INFO:colcon.colcon_core.shell:Creating package script '/home/vicente/VSNT-CollisionAvoidance/install/asv_perception_classification/share/asv_perception_classification/package.ps1'
[1.546s] INFO:colcon.colcon_core.shell:Creating package descriptor '/home/vicente/VSNT-CollisionAvoidance/install/asv_perception_classification/share/asv_perception_classification/package.dsv'
[1.547s] INFO:colcon.colcon_core.shell:Creating package script '/home/vicente/VSNT-CollisionAvoidance/install/asv_perception_classification/share/asv_perception_classification/package.sh'
[1.549s] INFO:colcon.colcon_core.shell:Creating package script '/home/vicente/VSNT-CollisionAvoidance/install/asv_perception_classification/share/asv_perception_classification/package.bash'
[1.551s] INFO:colcon.colcon_core.shell:Creating package script '/home/vicente/VSNT-CollisionAvoidance/install/asv_perception_classification/share/asv_perception_classification/package.zsh'
[1.553s] Level 1:colcon.colcon_core.environment:create_file_with_runtime_dependencies(/home/vicente/VSNT-CollisionAvoidance/install/asv_perception_classification/share/colcon-core/packages/asv_perception_classification)
[1.554s] DEBUG:colcon.colcon_parallel_executor.executor.parallel:closing loop
[1.555s] DEBUG:colcon.colcon_parallel_executor.executor.parallel:loop closed
[1.556s] DEBUG:colcon.colcon_parallel_executor.executor.parallel:run_until_complete finished with '0'
[1.556s] DEBUG:colcon.colcon_core.event_reactor:joining thread
[1.562s] INFO:colcon.colcon_core.plugin_system:Skipping extension 'colcon_notification.desktop_notification.terminal_notifier': Not used on non-Darwin systems
[1.563s] INFO:colcon.colcon_core.plugin_system:Skipping extension 'colcon_notification.desktop_notification.win32': Not used on non-Windows systems
[1.563s] INFO:colcon.colcon_notification.desktop_notification:Sending desktop notification using 'notify2'
[1.592s] DEBUG:colcon.colcon_core.event_reactor:joined thread
[1.592s] INFO:colcon.colcon_core.shell:Creating prefix script '/home/vicente/VSNT-CollisionAvoidance/install/local_setup.ps1'
[1.594s] INFO:colcon.colcon_core.shell:Creating prefix util module '/home/vicente/VSNT-CollisionAvoidance/install/_local_setup_util_ps1.py'
[1.596s] INFO:colcon.colcon_core.shell:Creating prefix chain script '/home/vicente/VSNT-CollisionAvoidance/install/setup.ps1'
[1.597s] INFO:colcon.colcon_core.shell:Creating prefix script '/home/vicente/VSNT-CollisionAvoidance/install/local_setup.sh'
[1.599s] INFO:colcon.colcon_core.shell:Creating prefix util module '/home/vicente/VSNT-CollisionAvoidance/install/_local_setup_util_sh.py'
[1.602s] INFO:colcon.colcon_core.shell:Creating prefix chain script '/home/vicente/VSNT-CollisionAvoidance/install/setup.sh'
[1.607s] INFO:colcon.colcon_core.shell:Creating prefix script '/home/vicente/VSNT-CollisionAvoidance/install/local_setup.bash'
[1.608s] INFO:colcon.colcon_core.shell:Creating prefix chain script '/home/vicente/VSNT-CollisionAvoidance/install/setup.bash'
[1.610s] INFO:colcon.colcon_core.shell:Creating prefix script '/home/vicente/VSNT-CollisionAvoidance/install/local_setup.zsh'
[1.612s] INFO:colcon.colcon_core.shell:Creating prefix chain script '/home/vicente/VSNT-CollisionAvoidance/install/setup.zsh'
