[1.435s] Invoking command in '/home/vicente/VSNT-CollisionAvoidance/src/build/asv_perception_classification': PYTHONPATH=/home/vicente/VSNT-CollisionAvoidance/src/build/asv_perception_classification/prefix_override:/home/vicente/VSNT-CollisionAvoidance/src/install/asv_perception_classification/lib/python3.10/site-packages:${PYTHONPATH} /usr/bin/python3 -W ignore:setup.py install is deprecated setup.py develop --editable --build-directory /home/vicente/VSNT-CollisionAvoidance/src/build/asv_perception_classification/build --no-deps symlink_data --force
[1.861s] running develop
[1.964s] /usr/lib/python3/dist-packages/setuptools/command/easy_install.py:158: EasyInstallDeprecationWarning: easy_install command is deprecated. Use build and pip and other standards-based tools.
[1.965s]   warnings.warn(
[2.224s] running egg_info
[2.230s] writing asv_perception_classification.egg-info/PKG-INFO
[2.230s] writing dependency_links to asv_perception_classification.egg-info/dependency_links.txt
[2.230s] writing entry points to asv_perception_classification.egg-info/entry_points.txt
[2.230s] writing requirements to asv_perception_classification.egg-info/requires.txt
[2.231s] writing top-level names to asv_perception_classification.egg-info/top_level.txt
[2.231s] reading manifest file 'asv_perception_classification.egg-info/SOURCES.txt'
[2.233s] writing manifest file 'asv_perception_classification.egg-info/SOURCES.txt'
[2.235s] running build_ext
[2.236s] Creating /home/vicente/VSNT-CollisionAvoidance/src/install/asv_perception_classification/lib/python3.10/site-packages/asv-perception-classification.egg-link (link to .)
[2.237s] Installing video_publisher script to /home/vicente/VSNT-CollisionAvoidance/src/install/asv_perception_classification/lib/asv_perception_classification
[2.245s] Installing yolo_subscriber script to /home/vicente/VSNT-CollisionAvoidance/src/install/asv_perception_classification/lib/asv_perception_classification
[2.245s] 
[2.246s] Installed /home/vicente/VSNT-CollisionAvoidance/src/build/asv_perception_classification
[2.246s] running symlink_data
[2.246s] symbolically linking /home/vicente/VSNT-CollisionAvoidance/src/build/asv_perception_classification/resource/asv_perception_classification -> /home/vicente/VSNT-CollisionAvoidance/src/install/asv_perception_classification/share/ament_index/resource_index/packages
[2.246s] symbolically linking /home/vicente/VSNT-CollisionAvoidance/src/build/asv_perception_classification/package.xml -> /home/vicente/VSNT-CollisionAvoidance/src/install/asv_perception_classification/share/asv_perception_classification
[2.297s] Invoked command in '/home/vicente/VSNT-CollisionAvoidance/src/build/asv_perception_classification' returned '0': PYTHONPATH=/home/vicente/VSNT-CollisionAvoidance/src/build/asv_perception_classification/prefix_override:/home/vicente/VSNT-CollisionAvoidance/src/install/asv_perception_classification/lib/python3.10/site-packages:${PYTHONPATH} /usr/bin/python3 -W ignore:setup.py install is deprecated setup.py develop --editable --build-directory /home/vicente/VSNT-CollisionAvoidance/src/build/asv_perception_classification/build --no-deps symlink_data --force
