[1.279s] Invoking command in '/home/vicente/VSNT-CollisionAvoidance/src/asv_perception_classification': PYTHONPATH=/home/vicente/VSNT-CollisionAvoidance/src/build/asv_perception_classification/prefix_override:/home/vicente/VSNT-CollisionAvoidance/src/install/asv_perception_classification/lib/python3.10/site-packages:${PYTHONPATH} /usr/bin/python3 -W ignore:setup.py install is deprecated setup.py egg_info --egg-base ../build/asv_perception_classification build --build-base /home/vicente/VSNT-CollisionAvoidance/src/build/asv_perception_classification/build install --record /home/vicente/VSNT-CollisionAvoidance/src/build/asv_perception_classification/install.log --single-version-externally-managed install_data
[1.629s] running egg_info
[1.629s] writing ../build/asv_perception_classification/asv_perception_classification.egg-info/PKG-INFO
[1.631s] writing dependency_links to ../build/asv_perception_classification/asv_perception_classification.egg-info/dependency_links.txt
[1.632s] writing entry points to ../build/asv_perception_classification/asv_perception_classification.egg-info/entry_points.txt
[1.644s] writing requirements to ../build/asv_perception_classification/asv_perception_classification.egg-info/requires.txt
[1.644s] writing top-level names to ../build/asv_perception_classification/asv_perception_classification.egg-info/top_level.txt
[1.659s] reading manifest file '../build/asv_perception_classification/asv_perception_classification.egg-info/SOURCES.txt'
[1.664s] writing manifest file '../build/asv_perception_classification/asv_perception_classification.egg-info/SOURCES.txt'
[1.665s] running build
[1.665s] running build_py
[1.670s] running install
[1.671s] running install_lib
[1.676s] running install_data
[1.676s] running install_egg_info
[1.679s] removing '/home/vicente/VSNT-CollisionAvoidance/src/install/asv_perception_classification/lib/python3.10/site-packages/asv_perception_classification-0.0.0-py3.10.egg-info' (and everything under it)
[1.680s] Copying ../build/asv_perception_classification/asv_perception_classification.egg-info to /home/vicente/VSNT-CollisionAvoidance/src/install/asv_perception_classification/lib/python3.10/site-packages/asv_perception_classification-0.0.0-py3.10.egg-info
[1.683s] running install_scripts
[1.736s] Installing video_publisher script to /home/vicente/VSNT-CollisionAvoidance/src/install/asv_perception_classification/lib/asv_perception_classification
[1.737s] Installing yolo_subscriber script to /home/vicente/VSNT-CollisionAvoidance/src/install/asv_perception_classification/lib/asv_perception_classification
[1.741s] writing list of installed files to '/home/vicente/VSNT-CollisionAvoidance/src/build/asv_perception_classification/install.log'
[1.810s] Invoked command in '/home/vicente/VSNT-CollisionAvoidance/src/asv_perception_classification' returned '0': PYTHONPATH=/home/vicente/VSNT-CollisionAvoidance/src/build/asv_perception_classification/prefix_override:/home/vicente/VSNT-CollisionAvoidance/src/install/asv_perception_classification/lib/python3.10/site-packages:${PYTHONPATH} /usr/bin/python3 -W ignore:setup.py install is deprecated setup.py egg_info --egg-base ../build/asv_perception_classification build --build-base /home/vicente/VSNT-CollisionAvoidance/src/build/asv_perception_classification/build install --record /home/vicente/VSNT-CollisionAvoidance/src/build/asv_perception_classification/install.log --single-version-externally-managed install_data
