[0.171s] DEBUG:colcon:Command line arguments: ['/usr/bin/colcon', 'build', '--packages-select', 'asv_perception_classification', '--symlink-install']
[0.171s] DEBUG:colcon:Parsed command line arguments: Namespace(log_base=None, log_level=None, verb_name='build', build_base='build', install_base='install', merge_install=False, symlink_install=True, test_result_base=None, continue_on_error=False, executor='parallel', parallel_workers=2, event_handlers=None, ignore_user_meta=False, metas=['./colcon.meta'], base_paths=['.'], packages_ignore=None, packages_ignore_regex=None, paths=None, packages_up_to=None, packages_up_to_regex=None, packages_above=None, packages_above_and_dependencies=None, packages_above_depth=None, packages_select_by_dep=None, packages_skip_by_dep=None, packages_skip_up_to=None, packages_select_build_failed=False, packages_skip_build_finished=False, packages_select_test_failures=False, packages_skip_test_passed=False, packages_select=['asv_perception_classification'], packages_skip=None, packages_select_regex=None, packages_skip_regex=None, packages_start=None, packages_end=None, allow_overriding=[], cmake_args=None, cmake_target=None, cmake_target_skip_unavailable=False, cmake_clean_cache=False, cmake_clean_first=False, cmake_force_configure=False, ament_cmake_args=None, catkin_cmake_args=None, catkin_skip_building_tests=False, verb_parser=<colcon_defaults.argument_parser.defaults.DefaultArgumentsDecorator object at 0x7db90dec01c0>, verb_extension=<colcon_core.verb.build.BuildVerb object at 0x7db90de8bb80>, main=<bound method BuildVerb.main of <colcon_core.verb.build.BuildVerb object at 0x7db90de8bb80>>)
[0.407s] Level 1:colcon.colcon_core.package_discovery:discover_packages(colcon_meta) check parameters
[0.408s] Level 1:colcon.colcon_core.package_discovery:discover_packages(recursive) check parameters
[0.408s] Level 1:colcon.colcon_core.package_discovery:discover_packages(ignore) check parameters
[0.408s] Level 1:colcon.colcon_core.package_discovery:discover_packages(path) check parameters
[0.408s] Level 1:colcon.colcon_core.package_discovery:discover_packages(colcon_meta) discover
[0.408s] Level 1:colcon.colcon_core.package_discovery:discover_packages(recursive) discover
[0.408s] INFO:colcon.colcon_core.package_discovery:Crawling recursively for packages in '/home/vicente/VSNT-CollisionAvoidance'
[0.409s] Level 1:colcon.colcon_core.package_identification:_identify(.) by extensions ['ignore', 'ignore_ament_install']
[0.409s] Level 1:colcon.colcon_core.package_identification:_identify(.) by extension 'ignore'
[0.409s] Level 1:colcon.colcon_core.package_identification:_identify(.) by extension 'ignore_ament_install'
[0.409s] Level 1:colcon.colcon_core.package_identification:_identify(.) by extensions ['colcon_pkg']
[0.409s] Level 1:colcon.colcon_core.package_identification:_identify(.) by extension 'colcon_pkg'
[0.409s] Level 1:colcon.colcon_core.package_identification:_identify(.) by extensions ['colcon_meta']
[0.409s] Level 1:colcon.colcon_core.package_identification:_identify(.) by extension 'colcon_meta'
[0.409s] Level 1:colcon.colcon_core.package_identification:_identify(.) by extensions ['ros']
[0.409s] Level 1:colcon.colcon_core.package_identification:_identify(.) by extension 'ros'
[0.426s] Level 1:colcon.colcon_core.package_identification:_identify(.) by extensions ['cmake', 'python']
[0.426s] Level 1:colcon.colcon_core.package_identification:_identify(.) by extension 'cmake'
[0.427s] Level 1:colcon.colcon_core.package_identification:_identify(.) by extension 'python'
[0.427s] Level 1:colcon.colcon_core.package_identification:_identify(.) by extensions ['python_setup_py']
[0.427s] Level 1:colcon.colcon_core.package_identification:_identify(.) by extension 'python_setup_py'
[0.427s] Level 1:colcon.colcon_core.package_identification:_identify(build) by extensions ['ignore', 'ignore_ament_install']
[0.427s] Level 1:colcon.colcon_core.package_identification:_identify(build) by extension 'ignore'
[0.427s] Level 1:colcon.colcon_core.package_identification:_identify(build) ignored
[0.427s] Level 1:colcon.colcon_core.package_identification:_identify(install) by extensions ['ignore', 'ignore_ament_install']
[0.427s] Level 1:colcon.colcon_core.package_identification:_identify(install) by extension 'ignore'
[0.428s] Level 1:colcon.colcon_core.package_identification:_identify(install) ignored
[0.428s] Level 1:colcon.colcon_core.package_identification:_identify(log) by extensions ['ignore', 'ignore_ament_install']
[0.428s] Level 1:colcon.colcon_core.package_identification:_identify(log) by extension 'ignore'
[0.428s] Level 1:colcon.colcon_core.package_identification:_identify(log) ignored
[0.428s] Level 1:colcon.colcon_core.package_identification:_identify(src) by extensions ['ignore', 'ignore_ament_install']
[0.428s] Level 1:colcon.colcon_core.package_identification:_identify(src) by extension 'ignore'
[0.428s] Level 1:colcon.colcon_core.package_identification:_identify(src) by extension 'ignore_ament_install'
[0.428s] Level 1:colcon.colcon_core.package_identification:_identify(src) by extensions ['colcon_pkg']
[0.428s] Level 1:colcon.colcon_core.package_identification:_identify(src) by extension 'colcon_pkg'
[0.429s] Level 1:colcon.colcon_core.package_identification:_identify(src) by extensions ['colcon_meta']
[0.429s] Level 1:colcon.colcon_core.package_identification:_identify(src) by extension 'colcon_meta'
[0.429s] Level 1:colcon.colcon_core.package_identification:_identify(src) by extensions ['ros']
[0.429s] Level 1:colcon.colcon_core.package_identification:_identify(src) by extension 'ros'
[0.429s] Level 1:colcon.colcon_core.package_identification:_identify(src) by extensions ['cmake', 'python']
[0.429s] Level 1:colcon.colcon_core.package_identification:_identify(src) by extension 'cmake'
[0.429s] Level 1:colcon.colcon_core.package_identification:_identify(src) by extension 'python'
[0.429s] Level 1:colcon.colcon_core.package_identification:_identify(src) by extensions ['python_setup_py']
[0.429s] Level 1:colcon.colcon_core.package_identification:_identify(src) by extension 'python_setup_py'
[0.429s] Level 1:colcon.colcon_core.package_identification:_identify(src/asv_perception_classification) by extensions ['ignore', 'ignore_ament_install']
[0.430s] Level 1:colcon.colcon_core.package_identification:_identify(src/asv_perception_classification) by extension 'ignore'
[0.430s] Level 1:colcon.colcon_core.package_identification:_identify(src/asv_perception_classification) by extension 'ignore_ament_install'
[0.430s] Level 1:colcon.colcon_core.package_identification:_identify(src/asv_perception_classification) by extensions ['colcon_pkg']
[0.430s] Level 1:colcon.colcon_core.package_identification:_identify(src/asv_perception_classification) by extension 'colcon_pkg'
[0.430s] Level 1:colcon.colcon_core.package_identification:_identify(src/asv_perception_classification) by extensions ['colcon_meta']
[0.430s] Level 1:colcon.colcon_core.package_identification:_identify(src/asv_perception_classification) by extension 'colcon_meta'
[0.430s] Level 1:colcon.colcon_core.package_identification:_identify(src/asv_perception_classification) by extensions ['ros']
[0.430s] Level 1:colcon.colcon_core.package_identification:_identify(src/asv_perception_classification) by extension 'ros'
[0.433s] DEBUG:colcon.colcon_core.package_identification:Package 'src/asv_perception_classification' with type 'ros.ament_python' and name 'asv_perception_classification'
[0.433s] Level 1:colcon.colcon_core.package_identification:_identify(src/build) by extensions ['ignore', 'ignore_ament_install']
[0.433s] Level 1:colcon.colcon_core.package_identification:_identify(src/build) by extension 'ignore'
[0.433s] Level 1:colcon.colcon_core.package_identification:_identify(src/build) ignored
[0.433s] Level 1:colcon.colcon_core.package_identification:_identify(src/install) by extensions ['ignore', 'ignore_ament_install']
[0.434s] Level 1:colcon.colcon_core.package_identification:_identify(src/install) by extension 'ignore'
[0.434s] Level 1:colcon.colcon_core.package_identification:_identify(src/install) ignored
[0.434s] Level 1:colcon.colcon_core.package_identification:_identify(src/log) by extensions ['ignore', 'ignore_ament_install']
[0.434s] Level 1:colcon.colcon_core.package_identification:_identify(src/log) by extension 'ignore'
[0.434s] Level 1:colcon.colcon_core.package_identification:_identify(src/log) ignored
[0.434s] Level 1:colcon.colcon_core.package_discovery:discover_packages(recursive) using defaults
[0.434s] Level 1:colcon.colcon_core.package_discovery:discover_packages(ignore) discover
[0.434s] Level 1:colcon.colcon_core.package_discovery:discover_packages(ignore) using defaults
[0.434s] Level 1:colcon.colcon_core.package_discovery:discover_packages(path) discover
[0.434s] Level 1:colcon.colcon_core.package_discovery:discover_packages(path) using defaults
[0.462s] Level 1:colcon.colcon_core.package_discovery:discover_packages(prefix_path) check parameters
[0.462s] Level 1:colcon.colcon_core.package_discovery:discover_packages(prefix_path) discover
[0.465s] DEBUG:colcon.colcon_installed_package_information.package_discovery:Found 1 installed packages in /home/vicente/VSNT-CollisionAvoidance/install
[0.466s] DEBUG:colcon.colcon_installed_package_information.package_discovery:Found 270 installed packages in /opt/ros/humble
[0.469s] Level 1:colcon.colcon_core.package_discovery:discover_packages(prefix_path) using defaults
[0.559s] Level 5:colcon.colcon_core.verb:set package 'asv_perception_classification' build argument 'cmake_args' from command line to 'None'
[0.559s] Level 5:colcon.colcon_core.verb:set package 'asv_perception_classification' build argument 'cmake_target' from command line to 'None'
[0.559s] Level 5:colcon.colcon_core.verb:set package 'asv_perception_classification' build argument 'cmake_target_skip_unavailable' from command line to 'False'
[0.559s] Level 5:colcon.colcon_core.verb:set package 'asv_perception_classification' build argument 'cmake_clean_cache' from command line to 'False'
[0.560s] Level 5:colcon.colcon_core.verb:set package 'asv_perception_classification' build argument 'cmake_clean_first' from command line to 'False'
[0.560s] Level 5:colcon.colcon_core.verb:set package 'asv_perception_classification' build argument 'cmake_force_configure' from command line to 'False'
[0.560s] Level 5:colcon.colcon_core.verb:set package 'asv_perception_classification' build argument 'ament_cmake_args' from command line to 'None'
[0.560s] Level 5:colcon.colcon_core.verb:set package 'asv_perception_classification' build argument 'catkin_cmake_args' from command line to 'None'
[0.560s] Level 5:colcon.colcon_core.verb:set package 'asv_perception_classification' build argument 'catkin_skip_building_tests' from command line to 'False'
[0.560s] DEBUG:colcon.colcon_core.verb:Building package 'asv_perception_classification' with the following arguments: {'ament_cmake_args': None, 'build_base': '/home/vicente/VSNT-CollisionAvoidance/build/asv_perception_classification', 'catkin_cmake_args': None, 'catkin_skip_building_tests': False, 'cmake_args': None, 'cmake_clean_cache': False, 'cmake_clean_first': False, 'cmake_force_configure': False, 'cmake_target': None, 'cmake_target_skip_unavailable': False, 'install_base': '/home/vicente/VSNT-CollisionAvoidance/install/asv_perception_classification', 'merge_install': False, 'path': '/home/vicente/VSNT-CollisionAvoidance/src/asv_perception_classification', 'symlink_install': True, 'test_result_base': None}
[0.560s] INFO:colcon.colcon_core.executor:Executing jobs using 'parallel' executor
[0.562s] DEBUG:colcon.colcon_parallel_executor.executor.parallel:run_until_complete
[0.563s] INFO:colcon.colcon_ros.task.ament_python.build:Building ROS package in '/home/vicente/VSNT-CollisionAvoidance/src/asv_perception_classification' with build type 'ament_python'
[0.563s] Level 1:colcon.colcon_core.shell:create_environment_hook('asv_perception_classification', 'ament_prefix_path')
[0.568s] INFO:colcon.colcon_core.plugin_system:Skipping extension 'colcon_core.shell.bat': Not used on non-Windows systems
[0.569s] INFO:colcon.colcon_core.shell:Creating environment hook '/home/vicente/VSNT-CollisionAvoidance/install/asv_perception_classification/share/asv_perception_classification/hook/ament_prefix_path.ps1'
[0.570s] INFO:colcon.colcon_core.shell:Creating environment descriptor '/home/vicente/VSNT-CollisionAvoidance/install/asv_perception_classification/share/asv_perception_classification/hook/ament_prefix_path.dsv'
[0.571s] INFO:colcon.colcon_core.shell:Creating environment hook '/home/vicente/VSNT-CollisionAvoidance/install/asv_perception_classification/share/asv_perception_classification/hook/ament_prefix_path.sh'
[0.573s] INFO:colcon.colcon_core.shell:Skip shell extension 'powershell' for command environment: Not usable outside of PowerShell
[0.573s] DEBUG:colcon.colcon_core.shell:Skip shell extension 'dsv' for command environment
[1.146s] INFO:colcon.colcon_core.task.python.build:Building Python package in '/home/vicente/VSNT-CollisionAvoidance/src/asv_perception_classification'
[1.146s] INFO:colcon.colcon_core.shell:Skip shell extension 'powershell' for command environment: Not usable outside of PowerShell
[1.146s] DEBUG:colcon.colcon_core.shell:Skip shell extension 'dsv' for command environment
[1.842s] DEBUG:colcon.colcon_core.task.python.build:While undoing a previous installation files outside the Python library path are being ignored: /home/vicente/VSNT-CollisionAvoidance/install/asv_perception_classification/share/ament_index/resource_index/packages/asv_perception_classification
[1.842s] DEBUG:colcon.colcon_core.task.python.build:While undoing a previous installation files outside the Python library path are being ignored: /home/vicente/VSNT-CollisionAvoidance/install/asv_perception_classification/share/asv_perception_classification/package.xml
[1.843s] DEBUG:colcon.colcon_core.task.python.build:While undoing a previous installation files outside the Python library path are being ignored: /home/vicente/VSNT-CollisionAvoidance/install/asv_perception_classification/lib/asv_perception_classification/video_publisher
[1.843s] DEBUG:colcon.colcon_core.task.python.build:While undoing a previous installation files outside the Python library path are being ignored: /home/vicente/VSNT-CollisionAvoidance/install/asv_perception_classification/lib/asv_perception_classification/yolo_subscriber
[1.845s] DEBUG:colcon.colcon_core.event_handler.log_command:Invoking command in '/home/vicente/VSNT-CollisionAvoidance/build/asv_perception_classification': PYTHONPATH=/home/vicente/VSNT-CollisionAvoidance/build/asv_perception_classification/prefix_override:/home/vicente/VSNT-CollisionAvoidance/install/asv_perception_classification/lib/python3.10/site-packages:${PYTHONPATH} /usr/bin/python3 -W ignore:setup.py install is deprecated setup.py develop --editable --build-directory /home/vicente/VSNT-CollisionAvoidance/build/asv_perception_classification/build --no-deps symlink_data --force
[2.854s] Level 1:colcon.colcon_core.shell:create_environment_hook('asv_perception_classification', 'pythonpath_develop')
[2.859s] INFO:colcon.colcon_core.shell:Creating environment hook '/home/vicente/VSNT-CollisionAvoidance/build/asv_perception_classification/share/asv_perception_classification/hook/pythonpath_develop.ps1'
[2.863s] INFO:colcon.colcon_core.shell:Creating environment descriptor '/home/vicente/VSNT-CollisionAvoidance/build/asv_perception_classification/share/asv_perception_classification/hook/pythonpath_develop.dsv'
[2.865s] DEBUG:colcon.colcon_core.event_handler.log_command:Invoked command in '/home/vicente/VSNT-CollisionAvoidance/build/asv_perception_classification' returned '0': PYTHONPATH=/home/vicente/VSNT-CollisionAvoidance/build/asv_perception_classification/prefix_override:/home/vicente/VSNT-CollisionAvoidance/install/asv_perception_classification/lib/python3.10/site-packages:${PYTHONPATH} /usr/bin/python3 -W ignore:setup.py install is deprecated setup.py develop --editable --build-directory /home/vicente/VSNT-CollisionAvoidance/build/asv_perception_classification/build --no-deps symlink_data --force
[2.866s] INFO:colcon.colcon_core.shell:Creating environment hook '/home/vicente/VSNT-CollisionAvoidance/build/asv_perception_classification/share/asv_perception_classification/hook/pythonpath_develop.sh'
[2.872s] Level 1:colcon.colcon_core.environment:checking '/home/vicente/VSNT-CollisionAvoidance/install/asv_perception_classification' for CMake module files
[2.873s] Level 1:colcon.colcon_core.environment:checking '/home/vicente/VSNT-CollisionAvoidance/install/asv_perception_classification' for CMake config files
[2.874s] Level 1:colcon.colcon_core.environment:checking '/home/vicente/VSNT-CollisionAvoidance/install/asv_perception_classification/lib'
[2.874s] Level 1:colcon.colcon_core.environment:checking '/home/vicente/VSNT-CollisionAvoidance/install/asv_perception_classification/bin'
[2.874s] Level 1:colcon.colcon_core.environment:checking '/home/vicente/VSNT-CollisionAvoidance/install/asv_perception_classification/lib/pkgconfig/asv_perception_classification.pc'
[2.875s] Level 1:colcon.colcon_core.environment:checking '/home/vicente/VSNT-CollisionAvoidance/install/asv_perception_classification/lib/python3.10/site-packages'
[2.875s] Level 1:colcon.colcon_core.shell:create_environment_hook('asv_perception_classification', 'pythonpath')
[2.876s] INFO:colcon.colcon_core.shell:Creating environment hook '/home/vicente/VSNT-CollisionAvoidance/install/asv_perception_classification/share/asv_perception_classification/hook/pythonpath.ps1'
[2.881s] INFO:colcon.colcon_core.shell:Creating environment descriptor '/home/vicente/VSNT-CollisionAvoidance/install/asv_perception_classification/share/asv_perception_classification/hook/pythonpath.dsv'
[2.883s] INFO:colcon.colcon_core.shell:Creating environment hook '/home/vicente/VSNT-CollisionAvoidance/install/asv_perception_classification/share/asv_perception_classification/hook/pythonpath.sh'
[2.887s] Level 1:colcon.colcon_core.environment:checking '/home/vicente/VSNT-CollisionAvoidance/install/asv_perception_classification/bin'
[2.887s] Level 1:colcon.colcon_core.environment:create_environment_scripts_only(asv_perception_classification)
[2.888s] INFO:colcon.colcon_core.shell:Creating package script '/home/vicente/VSNT-CollisionAvoidance/install/asv_perception_classification/share/asv_perception_classification/package.ps1'
[2.892s] INFO:colcon.colcon_core.shell:Creating package descriptor '/home/vicente/VSNT-CollisionAvoidance/install/asv_perception_classification/share/asv_perception_classification/package.dsv'
[2.895s] INFO:colcon.colcon_core.shell:Creating package script '/home/vicente/VSNT-CollisionAvoidance/install/asv_perception_classification/share/asv_perception_classification/package.sh'
[2.899s] INFO:colcon.colcon_core.shell:Creating package script '/home/vicente/VSNT-CollisionAvoidance/install/asv_perception_classification/share/asv_perception_classification/package.bash'
[2.902s] INFO:colcon.colcon_core.shell:Creating package script '/home/vicente/VSNT-CollisionAvoidance/install/asv_perception_classification/share/asv_perception_classification/package.zsh'
[2.906s] Level 1:colcon.colcon_core.environment:create_file_with_runtime_dependencies(/home/vicente/VSNT-CollisionAvoidance/install/asv_perception_classification/share/colcon-core/packages/asv_perception_classification)
[2.914s] DEBUG:colcon.colcon_parallel_executor.executor.parallel:closing loop
[2.915s] DEBUG:colcon.colcon_parallel_executor.executor.parallel:loop closed
[2.916s] DEBUG:colcon.colcon_parallel_executor.executor.parallel:run_until_complete finished with '0'
[2.916s] DEBUG:colcon.colcon_core.event_reactor:joining thread
[2.923s] INFO:colcon.colcon_core.plugin_system:Skipping extension 'colcon_notification.desktop_notification.terminal_notifier': Not used on non-Darwin systems
[2.924s] INFO:colcon.colcon_core.plugin_system:Skipping extension 'colcon_notification.desktop_notification.win32': Not used on non-Windows systems
[2.924s] INFO:colcon.colcon_notification.desktop_notification:Sending desktop notification using 'notify2'
[2.975s] DEBUG:colcon.colcon_core.event_reactor:joined thread
[2.975s] INFO:colcon.colcon_core.shell:Creating prefix script '/home/vicente/VSNT-CollisionAvoidance/install/local_setup.ps1'
[2.978s] INFO:colcon.colcon_core.shell:Creating prefix util module '/home/vicente/VSNT-CollisionAvoidance/install/_local_setup_util_ps1.py'
[2.981s] INFO:colcon.colcon_core.shell:Creating prefix chain script '/home/vicente/VSNT-CollisionAvoidance/install/setup.ps1'
[2.983s] INFO:colcon.colcon_core.shell:Creating prefix script '/home/vicente/VSNT-CollisionAvoidance/install/local_setup.sh'
[2.986s] INFO:colcon.colcon_core.shell:Creating prefix util module '/home/vicente/VSNT-CollisionAvoidance/install/_local_setup_util_sh.py'
[2.987s] INFO:colcon.colcon_core.shell:Creating prefix chain script '/home/vicente/VSNT-CollisionAvoidance/install/setup.sh'
[2.990s] INFO:colcon.colcon_core.shell:Creating prefix script '/home/vicente/VSNT-CollisionAvoidance/install/local_setup.bash'
[2.993s] INFO:colcon.colcon_core.shell:Creating prefix chain script '/home/vicente/VSNT-CollisionAvoidance/install/setup.bash'
[2.996s] INFO:colcon.colcon_core.shell:Creating prefix script '/home/vicente/VSNT-CollisionAvoidance/install/local_setup.zsh'
[2.998s] INFO:colcon.colcon_core.shell:Creating prefix chain script '/home/vicente/VSNT-CollisionAvoidance/install/setup.zsh'
