running egg_info
creating ../../build/asv_perception_classification/asv_perception_classification.egg-info
writing ../../build/asv_perception_classification/asv_perception_classification.egg-info/PKG-INFO
writing dependency_links to ../../build/asv_perception_classification/asv_perception_classification.egg-info/dependency_links.txt
writing entry points to ../../build/asv_perception_classification/asv_perception_classification.egg-info/entry_points.txt
writing requirements to ../../build/asv_perception_classification/asv_perception_classification.egg-info/requires.txt
writing top-level names to ../../build/asv_perception_classification/asv_perception_classification.egg-info/top_level.txt
writing manifest file '../../build/asv_perception_classification/asv_perception_classification.egg-info/SOURCES.txt'
reading manifest file '../../build/asv_perception_classification/asv_perception_classification.egg-info/SOURCES.txt'
writing manifest file '../../build/asv_perception_classification/asv_perception_classification.egg-info/SOURCES.txt'
running build
running build_py
creating /home/vicente/VSNT-CollisionAvoidance/build/asv_perception_classification/build
creating /home/vicente/VSNT-CollisionAvoidance/build/asv_perception_classification/build/lib
creating /home/vicente/VSNT-CollisionAvoidance/build/asv_perception_classification/build/lib/asv_perception_classification
copying asv_perception_classification/yolo_subscriber.py -> /home/vicente/VSNT-CollisionAvoidance/build/asv_perception_classification/build/lib/asv_perception_classification
copying asv_perception_classification/video_publisher.py -> /home/vicente/VSNT-CollisionAvoidance/build/asv_perception_classification/build/lib/asv_perception_classification
copying asv_perception_classification/__init__.py -> /home/vicente/VSNT-CollisionAvoidance/build/asv_perception_classification/build/lib/asv_perception_classification
running install
running install_lib
creating /home/vicente/VSNT-CollisionAvoidance/install/asv_perception_classification/lib/python3.10/site-packages/asv_perception_classification
copying /home/vicente/VSNT-CollisionAvoidance/build/asv_perception_classification/build/lib/asv_perception_classification/yolo_subscriber.py -> /home/vicente/VSNT-CollisionAvoidance/install/asv_perception_classification/lib/python3.10/site-packages/asv_perception_classification
copying /home/vicente/VSNT-CollisionAvoidance/build/asv_perception_classification/build/lib/asv_perception_classification/video_publisher.py -> /home/vicente/VSNT-CollisionAvoidance/install/asv_perception_classification/lib/python3.10/site-packages/asv_perception_classification
copying /home/vicente/VSNT-CollisionAvoidance/build/asv_perception_classification/build/lib/asv_perception_classification/__init__.py -> /home/vicente/VSNT-CollisionAvoidance/install/asv_perception_classification/lib/python3.10/site-packages/asv_perception_classification
byte-compiling /home/vicente/VSNT-CollisionAvoidance/install/asv_perception_classification/lib/python3.10/site-packages/asv_perception_classification/yolo_subscriber.py to yolo_subscriber.cpython-310.pyc
byte-compiling /home/vicente/VSNT-CollisionAvoidance/install/asv_perception_classification/lib/python3.10/site-packages/asv_perception_classification/video_publisher.py to video_publisher.cpython-310.pyc
byte-compiling /home/vicente/VSNT-CollisionAvoidance/install/asv_perception_classification/lib/python3.10/site-packages/asv_perception_classification/__init__.py to __init__.cpython-310.pyc
running install_data
creating /home/vicente/VSNT-CollisionAvoidance/install/asv_perception_classification/share/ament_index
creating /home/vicente/VSNT-CollisionAvoidance/install/asv_perception_classification/share/ament_index/resource_index
creating /home/vicente/VSNT-CollisionAvoidance/install/asv_perception_classification/share/ament_index/resource_index/packages
copying resource/asv_perception_classification -> /home/vicente/VSNT-CollisionAvoidance/install/asv_perception_classification/share/ament_index/resource_index/packages
copying package.xml -> /home/vicente/VSNT-CollisionAvoidance/install/asv_perception_classification/share/asv_perception_classification
running install_egg_info
Copying ../../build/asv_perception_classification/asv_perception_classification.egg-info to /home/vicente/VSNT-CollisionAvoidance/install/asv_perception_classification/lib/python3.10/site-packages/asv_perception_classification-0.0.0-py3.10.egg-info
running install_scripts
Installing video_publisher script to /home/vicente/VSNT-CollisionAvoidance/install/asv_perception_classification/lib/asv_perception_classification
Installing yolo_subscriber script to /home/vicente/VSNT-CollisionAvoidance/install/asv_perception_classification/lib/asv_perception_classification
writing list of installed files to '/home/vicente/VSNT-CollisionAvoidance/build/asv_perception_classification/install.log'
