[1.403s] Invoking command in '/home/vicente/VSNT-CollisionAvoidance/src/asv_perception_classification': PYTHONPATH=/home/vicente/VSNT-CollisionAvoidance/src/build/asv_perception_classification/prefix_override:/home/vicente/VSNT-CollisionAvoidance/src/install/asv_perception_classification/lib/python3.10/site-packages:${PYTHONPATH} /usr/bin/python3 -W ignore:setup.py install is deprecated setup.py egg_info --egg-base ../build/asv_perception_classification build --build-base /home/vicente/VSNT-CollisionAvoidance/src/build/asv_perception_classification/build install --record /home/vicente/VSNT-CollisionAvoidance/src/build/asv_perception_classification/install.log --single-version-externally-managed install_data
[1.757s] running egg_info
[1.772s] writing ../build/asv_perception_classification/asv_perception_classification.egg-info/PKG-INFO
[1.775s] writing dependency_links to ../build/asv_perception_classification/asv_perception_classification.egg-info/dependency_links.txt
[1.777s] writing entry points to ../build/asv_perception_classification/asv_perception_classification.egg-info/entry_points.txt
[1.781s] writing requirements to ../build/asv_perception_classification/asv_perception_classification.egg-info/requires.txt
[1.793s] writing top-level names to ../build/asv_perception_classification/asv_perception_classification.egg-info/top_level.txt
[1.802s] reading manifest file '../build/asv_perception_classification/asv_perception_classification.egg-info/SOURCES.txt'
[1.804s] writing manifest file '../build/asv_perception_classification/asv_perception_classification.egg-info/SOURCES.txt'
[1.805s] running build
[1.805s] running build_py
[1.806s] running install
[1.807s] running install_lib
[1.818s] running install_data
[1.818s] running install_egg_info
[1.821s] removing '/home/vicente/VSNT-CollisionAvoidance/src/install/asv_perception_classification/lib/python3.10/site-packages/asv_perception_classification-0.0.0-py3.10.egg-info' (and everything under it)
[1.822s] Copying ../build/asv_perception_classification/asv_perception_classification.egg-info to /home/vicente/VSNT-CollisionAvoidance/src/install/asv_perception_classification/lib/python3.10/site-packages/asv_perception_classification-0.0.0-py3.10.egg-info
[1.824s] running install_scripts
[1.871s] Installing video_publisher script to /home/vicente/VSNT-CollisionAvoidance/src/install/asv_perception_classification/lib/asv_perception_classification
[1.874s] Installing yolo_subscriber script to /home/vicente/VSNT-CollisionAvoidance/src/install/asv_perception_classification/lib/asv_perception_classification
[1.875s] writing list of installed files to '/home/vicente/VSNT-CollisionAvoidance/src/build/asv_perception_classification/install.log'
[1.920s] Invoked command in '/home/vicente/VSNT-CollisionAvoidance/src/asv_perception_classification' returned '0': PYTHONPATH=/home/vicente/VSNT-CollisionAvoidance/src/build/asv_perception_classification/prefix_override:/home/vicente/VSNT-CollisionAvoidance/src/install/asv_perception_classification/lib/python3.10/site-packages:${PYTHONPATH} /usr/bin/python3 -W ignore:setup.py install is deprecated setup.py egg_info --egg-base ../build/asv_perception_classification build --build-base /home/vicente/VSNT-CollisionAvoidance/src/build/asv_perception_classification/build install --record /home/vicente/VSNT-CollisionAvoidance/src/build/asv_perception_classification/install.log --single-version-externally-managed install_data
