[2.417s] Invoking command in '/home/vicente/VSNT-CollisionAvoidance/src/asv_perception_classification': PYTHONPATH=/home/vicente/VSNT-CollisionAvoidance/build/asv_perception_classification/prefix_override:/home/vicente/VSNT-CollisionAvoidance/install/asv_perception_classification/lib/python3.10/site-packages:${PYTHONPATH} /usr/bin/python3 -W ignore:setup.py install is deprecated setup.py egg_info --egg-base ../../build/asv_perception_classification build --build-base /home/vicente/VSNT-CollisionAvoidance/build/asv_perception_classification/build install --record /home/vicente/VSNT-CollisionAvoidance/build/asv_perception_classification/install.log --single-version-externally-managed install_data
[3.304s] running egg_info
[3.310s] writing ../../build/asv_perception_classification/asv_perception_classification.egg-info/PKG-INFO
[3.311s] writing dependency_links to ../../build/asv_perception_classification/asv_perception_classification.egg-info/dependency_links.txt
[3.311s] writing entry points to ../../build/asv_perception_classification/asv_perception_classification.egg-info/entry_points.txt
[3.311s] writing requirements to ../../build/asv_perception_classification/asv_perception_classification.egg-info/requires.txt
[3.311s] writing top-level names to ../../build/asv_perception_classification/asv_perception_classification.egg-info/top_level.txt
[3.321s] reading manifest file '../../build/asv_perception_classification/asv_perception_classification.egg-info/SOURCES.txt'
[3.321s] writing manifest file '../../build/asv_perception_classification/asv_perception_classification.egg-info/SOURCES.txt'
[3.321s] running build
[3.322s] running build_py
[3.322s] running install
[3.322s] running install_lib
[3.324s] running install_data
[3.324s] running install_egg_info
[3.329s] removing '/home/vicente/VSNT-CollisionAvoidance/install/asv_perception_classification/lib/python3.10/site-packages/asv_perception_classification-0.0.0-py3.10.egg-info' (and everything under it)
[3.330s] Copying ../../build/asv_perception_classification/asv_perception_classification.egg-info to /home/vicente/VSNT-CollisionAvoidance/install/asv_perception_classification/lib/python3.10/site-packages/asv_perception_classification-0.0.0-py3.10.egg-info
[3.333s] running install_scripts
[3.402s] Installing video_publisher script to /home/vicente/VSNT-CollisionAvoidance/install/asv_perception_classification/lib/asv_perception_classification
[3.402s] Installing yolo_subscriber script to /home/vicente/VSNT-CollisionAvoidance/install/asv_perception_classification/lib/asv_perception_classification
[3.403s] writing list of installed files to '/home/vicente/VSNT-CollisionAvoidance/build/asv_perception_classification/install.log'
[3.467s] Invoked command in '/home/vicente/VSNT-CollisionAvoidance/src/asv_perception_classification' returned '0': PYTHONPATH=/home/vicente/VSNT-CollisionAvoidance/build/asv_perception_classification/prefix_override:/home/vicente/VSNT-CollisionAvoidance/install/asv_perception_classification/lib/python3.10/site-packages:${PYTHONPATH} /usr/bin/python3 -W ignore:setup.py install is deprecated setup.py egg_info --egg-base ../../build/asv_perception_classification build --build-base /home/vicente/VSNT-CollisionAvoidance/build/asv_perception_classification/build install --record /home/vicente/VSNT-CollisionAvoidance/build/asv_perception_classification/install.log --single-version-externally-managed install_data
