[1.316s] Invoking command in '/home/vicente/VSNT-CollisionAvoidance/src/asv_perception_classification': PYTHONPATH=/home/vicente/VSNT-CollisionAvoidance/build/asv_perception_classification/prefix_override:/home/vicente/VSNT-CollisionAvoidance/install/asv_perception_classification/lib/python3.10/site-packages: /usr/bin/python3 -W ignore:setup.py install is deprecated setup.py egg_info --egg-base ../../build/asv_perception_classification build --build-base /home/vicente/VSNT-CollisionAvoidance/build/asv_perception_classification/build install --record /home/vicente/VSNT-CollisionAvoidance/build/asv_perception_classification/install.log --single-version-externally-managed install_data
[1.785s] running egg_info
[1.791s] writing ../../build/asv_perception_classification/asv_perception_classification.egg-info/PKG-INFO
[1.791s] writing dependency_links to ../../build/asv_perception_classification/asv_perception_classification.egg-info/dependency_links.txt
[1.791s] writing entry points to ../../build/asv_perception_classification/asv_perception_classification.egg-info/entry_points.txt
[1.791s] writing requirements to ../../build/asv_perception_classification/asv_perception_classification.egg-info/requires.txt
[1.791s] writing top-level names to ../../build/asv_perception_classification/asv_perception_classification.egg-info/top_level.txt
[1.797s] reading manifest file '../../build/asv_perception_classification/asv_perception_classification.egg-info/SOURCES.txt'
[1.807s] writing manifest file '../../build/asv_perception_classification/asv_perception_classification.egg-info/SOURCES.txt'
[1.808s] running build
[1.808s] running build_py
[1.814s] copying asv_perception_classification/yolo_subscriber.py -> /home/vicente/VSNT-CollisionAvoidance/build/asv_perception_classification/build/lib/asv_perception_classification
[1.815s] copying asv_perception_classification/video_publisher.py -> /home/vicente/VSNT-CollisionAvoidance/build/asv_perception_classification/build/lib/asv_perception_classification
[1.815s] running install
[1.815s] running install_lib
[1.817s] copying /home/vicente/VSNT-CollisionAvoidance/build/asv_perception_classification/build/lib/asv_perception_classification/yolo_subscriber.py -> /home/vicente/VSNT-CollisionAvoidance/install/asv_perception_classification/lib/python3.10/site-packages/asv_perception_classification
[1.822s] copying /home/vicente/VSNT-CollisionAvoidance/build/asv_perception_classification/build/lib/asv_perception_classification/video_publisher.py -> /home/vicente/VSNT-CollisionAvoidance/install/asv_perception_classification/lib/python3.10/site-packages/asv_perception_classification
[1.833s] byte-compiling /home/vicente/VSNT-CollisionAvoidance/install/asv_perception_classification/lib/python3.10/site-packages/asv_perception_classification/yolo_subscriber.py to yolo_subscriber.cpython-310.pyc
[1.836s] byte-compiling /home/vicente/VSNT-CollisionAvoidance/install/asv_perception_classification/lib/python3.10/site-packages/asv_perception_classification/video_publisher.py to video_publisher.cpython-310.pyc
[1.843s] running install_data
[1.845s] running install_egg_info
[1.850s] removing '/home/vicente/VSNT-CollisionAvoidance/install/asv_perception_classification/lib/python3.10/site-packages/asv_perception_classification-0.0.0-py3.10.egg-info' (and everything under it)
[1.851s] Copying ../../build/asv_perception_classification/asv_perception_classification.egg-info to /home/vicente/VSNT-CollisionAvoidance/install/asv_perception_classification/lib/python3.10/site-packages/asv_perception_classification-0.0.0-py3.10.egg-info
[1.857s] running install_scripts
[1.919s] Installing video_publisher script to /home/vicente/VSNT-CollisionAvoidance/install/asv_perception_classification/lib/asv_perception_classification
[1.920s] Installing yolo_subscriber script to /home/vicente/VSNT-CollisionAvoidance/install/asv_perception_classification/lib/asv_perception_classification
[1.922s] writing list of installed files to '/home/vicente/VSNT-CollisionAvoidance/build/asv_perception_classification/install.log'
[1.977s] Invoked command in '/home/vicente/VSNT-CollisionAvoidance/src/asv_perception_classification' returned '0': PYTHONPATH=/home/vicente/VSNT-CollisionAvoidance/build/asv_perception_classification/prefix_override:/home/vicente/VSNT-CollisionAvoidance/install/asv_perception_classification/lib/python3.10/site-packages: /usr/bin/python3 -W ignore:setup.py install is deprecated setup.py egg_info --egg-base ../../build/asv_perception_classification build --build-base /home/vicente/VSNT-CollisionAvoidance/build/asv_perception_classification/build install --record /home/vicente/VSNT-CollisionAvoidance/build/asv_perception_classification/install.log --single-version-externally-managed install_data
