[0.171s] DEBUG:colcon:Command line arguments: ['/usr/bin/colcon', 'build']
[0.171s] DEBUG:colcon:Parsed command line arguments: Namespace(log_base=None, log_level=None, verb_name='build', build_base='build', install_base='install', merge_install=False, symlink_install=False, test_result_base=None, continue_on_error=False, executor='parallel', parallel_workers=2, event_handlers=None, ignore_user_meta=False, metas=['./colcon.meta'], base_paths=['.'], packages_ignore=None, packages_ignore_regex=None, paths=None, packages_up_to=None, packages_up_to_regex=None, packages_above=None, packages_above_and_dependencies=None, packages_above_depth=None, packages_select_by_dep=None, packages_skip_by_dep=None, packages_skip_up_to=None, packages_select_build_failed=False, packages_skip_build_finished=False, packages_select_test_failures=False, packages_skip_test_passed=False, packages_select=None, packages_skip=None, packages_select_regex=None, packages_skip_regex=None, packages_start=None, packages_end=None, allow_overriding=[], cmake_args=None, cmake_target=None, cmake_target_skip_unavailable=False, cmake_clean_cache=False, cmake_clean_first=False, cmake_force_configure=False, ament_cmake_args=None, catkin_cmake_args=None, catkin_skip_building_tests=False, verb_parser=<colcon_defaults.argument_parser.defaults.DefaultArgumentsDecorator object at 0x78b64acb8160>, verb_extension=<colcon_core.verb.build.BuildVerb object at 0x78b64aeffb20>, main=<bound method BuildVerb.main of <colcon_core.verb.build.BuildVerb object at 0x78b64aeffb20>>)
[0.412s] Level 1:colcon.colcon_core.package_discovery:discover_packages(colcon_meta) check parameters
[0.412s] Level 1:colcon.colcon_core.package_discovery:discover_packages(recursive) check parameters
[0.413s] Level 1:colcon.colcon_core.package_discovery:discover_packages(ignore) check parameters
[0.413s] Level 1:colcon.colcon_core.package_discovery:discover_packages(path) check parameters
[0.413s] Level 1:colcon.colcon_core.package_discovery:discover_packages(colcon_meta) discover
[0.414s] Level 1:colcon.colcon_core.package_discovery:discover_packages(recursive) discover
[0.414s] INFO:colcon.colcon_core.package_discovery:Crawling recursively for packages in '/home/vicente/VSNT-CollisionAvoidance/src'
[0.414s] Level 1:colcon.colcon_core.package_identification:_identify(.) by extensions ['ignore', 'ignore_ament_install']
[0.415s] Level 1:colcon.colcon_core.package_identification:_identify(.) by extension 'ignore'
[0.415s] Level 1:colcon.colcon_core.package_identification:_identify(.) by extension 'ignore_ament_install'
[0.415s] Level 1:colcon.colcon_core.package_identification:_identify(.) by extensions ['colcon_pkg']
[0.415s] Level 1:colcon.colcon_core.package_identification:_identify(.) by extension 'colcon_pkg'
[0.416s] Level 1:colcon.colcon_core.package_identification:_identify(.) by extensions ['colcon_meta']
[0.416s] Level 1:colcon.colcon_core.package_identification:_identify(.) by extension 'colcon_meta'
[0.416s] Level 1:colcon.colcon_core.package_identification:_identify(.) by extensions ['ros']
[0.417s] Level 1:colcon.colcon_core.package_identification:_identify(.) by extension 'ros'
[0.433s] Level 1:colcon.colcon_core.package_identification:_identify(.) by extensions ['cmake', 'python']
[0.433s] Level 1:colcon.colcon_core.package_identification:_identify(.) by extension 'cmake'
[0.434s] Level 1:colcon.colcon_core.package_identification:_identify(.) by extension 'python'
[0.434s] Level 1:colcon.colcon_core.package_identification:_identify(.) by extensions ['python_setup_py']
[0.434s] Level 1:colcon.colcon_core.package_identification:_identify(.) by extension 'python_setup_py'
[0.435s] Level 1:colcon.colcon_core.package_identification:_identify(asv_perception_classification) by extensions ['ignore', 'ignore_ament_install']
[0.435s] Level 1:colcon.colcon_core.package_identification:_identify(asv_perception_classification) by extension 'ignore'
[0.435s] Level 1:colcon.colcon_core.package_identification:_identify(asv_perception_classification) by extension 'ignore_ament_install'
[0.436s] Level 1:colcon.colcon_core.package_identification:_identify(asv_perception_classification) by extensions ['colcon_pkg']
[0.436s] Level 1:colcon.colcon_core.package_identification:_identify(asv_perception_classification) by extension 'colcon_pkg'
[0.436s] Level 1:colcon.colcon_core.package_identification:_identify(asv_perception_classification) by extensions ['colcon_meta']
[0.436s] Level 1:colcon.colcon_core.package_identification:_identify(asv_perception_classification) by extension 'colcon_meta'
[0.437s] Level 1:colcon.colcon_core.package_identification:_identify(asv_perception_classification) by extensions ['ros']
[0.437s] Level 1:colcon.colcon_core.package_identification:_identify(asv_perception_classification) by extension 'ros'
[0.440s] DEBUG:colcon.colcon_core.package_identification:Package 'asv_perception_classification' with type 'ros.ament_python' and name 'asv_perception_classification'
[0.441s] Level 1:colcon.colcon_core.package_identification:_identify(build) by extensions ['ignore', 'ignore_ament_install']
[0.441s] Level 1:colcon.colcon_core.package_identification:_identify(build) by extension 'ignore'
[0.442s] Level 1:colcon.colcon_core.package_identification:_identify(build) ignored
[0.442s] Level 1:colcon.colcon_core.package_identification:_identify(install) by extensions ['ignore', 'ignore_ament_install']
[0.442s] Level 1:colcon.colcon_core.package_identification:_identify(install) by extension 'ignore'
[0.442s] Level 1:colcon.colcon_core.package_identification:_identify(install) ignored
[0.443s] Level 1:colcon.colcon_core.package_identification:_identify(log) by extensions ['ignore', 'ignore_ament_install']
[0.443s] Level 1:colcon.colcon_core.package_identification:_identify(log) by extension 'ignore'
[0.443s] Level 1:colcon.colcon_core.package_identification:_identify(log) ignored
[0.443s] Level 1:colcon.colcon_core.package_discovery:discover_packages(recursive) using defaults
[0.444s] Level 1:colcon.colcon_core.package_discovery:discover_packages(ignore) discover
[0.444s] Level 1:colcon.colcon_core.package_discovery:discover_packages(ignore) using defaults
[0.444s] Level 1:colcon.colcon_core.package_discovery:discover_packages(path) discover
[0.444s] Level 1:colcon.colcon_core.package_discovery:discover_packages(path) using defaults
[0.471s] Level 1:colcon.colcon_core.package_discovery:discover_packages(prefix_path) check parameters
[0.472s] Level 1:colcon.colcon_core.package_discovery:discover_packages(prefix_path) discover
[0.474s] DEBUG:colcon.colcon_installed_package_information.package_discovery:Found 1 installed packages in /home/vicente/VSNT-CollisionAvoidance/install
[0.476s] DEBUG:colcon.colcon_installed_package_information.package_discovery:Found 270 installed packages in /opt/ros/humble
[0.480s] Level 1:colcon.colcon_core.package_discovery:discover_packages(prefix_path) using defaults
[0.584s] Level 5:colcon.colcon_core.verb:set package 'asv_perception_classification' build argument 'cmake_args' from command line to 'None'
[0.585s] Level 5:colcon.colcon_core.verb:set package 'asv_perception_classification' build argument 'cmake_target' from command line to 'None'
[0.585s] Level 5:colcon.colcon_core.verb:set package 'asv_perception_classification' build argument 'cmake_target_skip_unavailable' from command line to 'False'
[0.586s] Level 5:colcon.colcon_core.verb:set package 'asv_perception_classification' build argument 'cmake_clean_cache' from command line to 'False'
[0.586s] Level 5:colcon.colcon_core.verb:set package 'asv_perception_classification' build argument 'cmake_clean_first' from command line to 'False'
[0.587s] Level 5:colcon.colcon_core.verb:set package 'asv_perception_classification' build argument 'cmake_force_configure' from command line to 'False'
[0.588s] Level 5:colcon.colcon_core.verb:set package 'asv_perception_classification' build argument 'ament_cmake_args' from command line to 'None'
[0.589s] Level 5:colcon.colcon_core.verb:set package 'asv_perception_classification' build argument 'catkin_cmake_args' from command line to 'None'
[0.590s] Level 5:colcon.colcon_core.verb:set package 'asv_perception_classification' build argument 'catkin_skip_building_tests' from command line to 'False'
[0.591s] DEBUG:colcon.colcon_core.verb:Building package 'asv_perception_classification' with the following arguments: {'ament_cmake_args': None, 'build_base': '/home/vicente/VSNT-CollisionAvoidance/src/build/asv_perception_classification', 'catkin_cmake_args': None, 'catkin_skip_building_tests': False, 'cmake_args': None, 'cmake_clean_cache': False, 'cmake_clean_first': False, 'cmake_force_configure': False, 'cmake_target': None, 'cmake_target_skip_unavailable': False, 'install_base': '/home/vicente/VSNT-CollisionAvoidance/src/install/asv_perception_classification', 'merge_install': False, 'path': '/home/vicente/VSNT-CollisionAvoidance/src/asv_perception_classification', 'symlink_install': False, 'test_result_base': None}
[0.591s] INFO:colcon.colcon_core.executor:Executing jobs using 'parallel' executor
[0.594s] DEBUG:colcon.colcon_parallel_executor.executor.parallel:run_until_complete
[0.595s] INFO:colcon.colcon_ros.task.ament_python.build:Building ROS package in '/home/vicente/VSNT-CollisionAvoidance/src/asv_perception_classification' with build type 'ament_python'
[0.595s] Level 1:colcon.colcon_core.shell:create_environment_hook('asv_perception_classification', 'ament_prefix_path')
[0.602s] INFO:colcon.colcon_core.plugin_system:Skipping extension 'colcon_core.shell.bat': Not used on non-Windows systems
[0.603s] INFO:colcon.colcon_core.shell:Creating environment hook '/home/vicente/VSNT-CollisionAvoidance/src/install/asv_perception_classification/share/asv_perception_classification/hook/ament_prefix_path.ps1'
[0.604s] INFO:colcon.colcon_core.shell:Creating environment descriptor '/home/vicente/VSNT-CollisionAvoidance/src/install/asv_perception_classification/share/asv_perception_classification/hook/ament_prefix_path.dsv'
[0.605s] INFO:colcon.colcon_core.shell:Creating environment hook '/home/vicente/VSNT-CollisionAvoidance/src/install/asv_perception_classification/share/asv_perception_classification/hook/ament_prefix_path.sh'
[0.607s] INFO:colcon.colcon_core.shell:Skip shell extension 'powershell' for command environment: Not usable outside of PowerShell
[0.608s] DEBUG:colcon.colcon_core.shell:Skip shell extension 'dsv' for command environment
[1.303s] INFO:colcon.colcon_core.task.python.build:Building Python package in '/home/vicente/VSNT-CollisionAvoidance/src/asv_perception_classification'
[1.304s] INFO:colcon.colcon_core.shell:Skip shell extension 'powershell' for command environment: Not usable outside of PowerShell
[1.305s] DEBUG:colcon.colcon_core.shell:Skip shell extension 'dsv' for command environment
[2.003s] DEBUG:colcon.colcon_core.event_handler.log_command:Invoking command in '/home/vicente/VSNT-CollisionAvoidance/src/build/asv_perception_classification': PYTHONPATH=/home/vicente/VSNT-CollisionAvoidance/src/build/asv_perception_classification/prefix_override:/home/vicente/VSNT-CollisionAvoidance/src/install/asv_perception_classification/lib/python3.10/site-packages:${PYTHONPATH} /usr/bin/python3 -W ignore:setup.py install is deprecated setup.py develop --uninstall --editable --build-directory /home/vicente/VSNT-CollisionAvoidance/src/build/asv_perception_classification/build
[2.727s] DEBUG:colcon.colcon_core.event_handler.log_command:Invoked command in '/home/vicente/VSNT-CollisionAvoidance/src/build/asv_perception_classification' returned '0': PYTHONPATH=/home/vicente/VSNT-CollisionAvoidance/src/build/asv_perception_classification/prefix_override:/home/vicente/VSNT-CollisionAvoidance/src/install/asv_perception_classification/lib/python3.10/site-packages:${PYTHONPATH} /usr/bin/python3 -W ignore:setup.py install is deprecated setup.py develop --uninstall --editable --build-directory /home/vicente/VSNT-CollisionAvoidance/src/build/asv_perception_classification/build
[2.732s] DEBUG:colcon.colcon_core.event_handler.log_command:Invoking command in '/home/vicente/VSNT-CollisionAvoidance/src/asv_perception_classification': PYTHONPATH=/home/vicente/VSNT-CollisionAvoidance/src/build/asv_perception_classification/prefix_override:/home/vicente/VSNT-CollisionAvoidance/src/install/asv_perception_classification/lib/python3.10/site-packages:${PYTHONPATH} /usr/bin/python3 -W ignore:setup.py install is deprecated setup.py egg_info --egg-base ../build/asv_perception_classification build --build-base /home/vicente/VSNT-CollisionAvoidance/src/build/asv_perception_classification/build install --record /home/vicente/VSNT-CollisionAvoidance/src/build/asv_perception_classification/install.log --single-version-externally-managed install_data --force
[3.279s] DEBUG:colcon.colcon_core.event_handler.log_command:Invoked command in '/home/vicente/VSNT-CollisionAvoidance/src/asv_perception_classification' returned '0': PYTHONPATH=/home/vicente/VSNT-CollisionAvoidance/src/build/asv_perception_classification/prefix_override:/home/vicente/VSNT-CollisionAvoidance/src/install/asv_perception_classification/lib/python3.10/site-packages:${PYTHONPATH} /usr/bin/python3 -W ignore:setup.py install is deprecated setup.py egg_info --egg-base ../build/asv_perception_classification build --build-base /home/vicente/VSNT-CollisionAvoidance/src/build/asv_perception_classification/build install --record /home/vicente/VSNT-CollisionAvoidance/src/build/asv_perception_classification/install.log --single-version-externally-managed install_data --force
[3.282s] Level 1:colcon.colcon_core.environment:checking '/home/vicente/VSNT-CollisionAvoidance/src/install/asv_perception_classification' for CMake module files
[3.283s] Level 1:colcon.colcon_core.environment:checking '/home/vicente/VSNT-CollisionAvoidance/src/install/asv_perception_classification' for CMake config files
[3.284s] Level 1:colcon.colcon_core.environment:checking '/home/vicente/VSNT-CollisionAvoidance/src/install/asv_perception_classification/lib'
[3.284s] Level 1:colcon.colcon_core.environment:checking '/home/vicente/VSNT-CollisionAvoidance/src/install/asv_perception_classification/bin'
[3.284s] Level 1:colcon.colcon_core.environment:checking '/home/vicente/VSNT-CollisionAvoidance/src/install/asv_perception_classification/lib/pkgconfig/asv_perception_classification.pc'
[3.285s] Level 1:colcon.colcon_core.environment:checking '/home/vicente/VSNT-CollisionAvoidance/src/install/asv_perception_classification/lib/python3.10/site-packages'
[3.285s] Level 1:colcon.colcon_core.shell:create_environment_hook('asv_perception_classification', 'pythonpath')
[3.285s] INFO:colcon.colcon_core.shell:Creating environment hook '/home/vicente/VSNT-CollisionAvoidance/src/install/asv_perception_classification/share/asv_perception_classification/hook/pythonpath.ps1'
[3.286s] INFO:colcon.colcon_core.shell:Creating environment descriptor '/home/vicente/VSNT-CollisionAvoidance/src/install/asv_perception_classification/share/asv_perception_classification/hook/pythonpath.dsv'
[3.288s] INFO:colcon.colcon_core.shell:Creating environment hook '/home/vicente/VSNT-CollisionAvoidance/src/install/asv_perception_classification/share/asv_perception_classification/hook/pythonpath.sh'
[3.289s] Level 1:colcon.colcon_core.environment:checking '/home/vicente/VSNT-CollisionAvoidance/src/install/asv_perception_classification/bin'
[3.290s] Level 1:colcon.colcon_core.environment:create_environment_scripts_only(asv_perception_classification)
[3.290s] INFO:colcon.colcon_core.shell:Creating package script '/home/vicente/VSNT-CollisionAvoidance/src/install/asv_perception_classification/share/asv_perception_classification/package.ps1'
[3.293s] INFO:colcon.colcon_core.shell:Creating package descriptor '/home/vicente/VSNT-CollisionAvoidance/src/install/asv_perception_classification/share/asv_perception_classification/package.dsv'
[3.294s] INFO:colcon.colcon_core.shell:Creating package script '/home/vicente/VSNT-CollisionAvoidance/src/install/asv_perception_classification/share/asv_perception_classification/package.sh'
[3.296s] INFO:colcon.colcon_core.shell:Creating package script '/home/vicente/VSNT-CollisionAvoidance/src/install/asv_perception_classification/share/asv_perception_classification/package.bash'
[3.298s] INFO:colcon.colcon_core.shell:Creating package script '/home/vicente/VSNT-CollisionAvoidance/src/install/asv_perception_classification/share/asv_perception_classification/package.zsh'
[3.300s] Level 1:colcon.colcon_core.environment:create_file_with_runtime_dependencies(/home/vicente/VSNT-CollisionAvoidance/src/install/asv_perception_classification/share/colcon-core/packages/asv_perception_classification)
[3.301s] DEBUG:colcon.colcon_parallel_executor.executor.parallel:closing loop
[3.302s] DEBUG:colcon.colcon_parallel_executor.executor.parallel:loop closed
[3.302s] DEBUG:colcon.colcon_parallel_executor.executor.parallel:run_until_complete finished with '0'
[3.302s] DEBUG:colcon.colcon_core.event_reactor:joining thread
[3.313s] INFO:colcon.colcon_core.plugin_system:Skipping extension 'colcon_notification.desktop_notification.terminal_notifier': Not used on non-Darwin systems
[3.313s] INFO:colcon.colcon_core.plugin_system:Skipping extension 'colcon_notification.desktop_notification.win32': Not used on non-Windows systems
[3.313s] INFO:colcon.colcon_notification.desktop_notification:Sending desktop notification using 'notify2'
[3.362s] DEBUG:colcon.colcon_core.event_reactor:joined thread
[3.363s] INFO:colcon.colcon_core.shell:Creating prefix script '/home/vicente/VSNT-CollisionAvoidance/src/install/local_setup.ps1'
[3.365s] INFO:colcon.colcon_core.shell:Creating prefix util module '/home/vicente/VSNT-CollisionAvoidance/src/install/_local_setup_util_ps1.py'
[3.368s] INFO:colcon.colcon_core.shell:Creating prefix chain script '/home/vicente/VSNT-CollisionAvoidance/src/install/setup.ps1'
[3.373s] INFO:colcon.colcon_core.shell:Creating prefix script '/home/vicente/VSNT-CollisionAvoidance/src/install/local_setup.sh'
[3.375s] INFO:colcon.colcon_core.shell:Creating prefix util module '/home/vicente/VSNT-CollisionAvoidance/src/install/_local_setup_util_sh.py'
[3.378s] INFO:colcon.colcon_core.shell:Creating prefix chain script '/home/vicente/VSNT-CollisionAvoidance/src/install/setup.sh'
[3.392s] INFO:colcon.colcon_core.shell:Creating prefix script '/home/vicente/VSNT-CollisionAvoidance/src/install/local_setup.bash'
[3.394s] INFO:colcon.colcon_core.shell:Creating prefix chain script '/home/vicente/VSNT-CollisionAvoidance/src/install/setup.bash'
[3.396s] INFO:colcon.colcon_core.shell:Creating prefix script '/home/vicente/VSNT-CollisionAvoidance/src/install/local_setup.zsh'
[3.399s] INFO:colcon.colcon_core.shell:Creating prefix chain script '/home/vicente/VSNT-CollisionAvoidance/src/install/setup.zsh'
